[2.350s] DEBUG:colcon:Command line arguments: ['/usr/bin/colcon', 'build', '--packages-select', 'simu']
[2.350s] DEBUG:colcon:Parsed command line arguments: Namespace(log_base=None, log_level=None, verb_name='build', build_base='build', install_base='install', merge_install=False, symlink_install=False, test_result_base=None, continue_on_error=False, executor='parallel', parallel_workers=2, event_handlers=None, ignore_user_meta=False, metas=['./colcon.meta'], base_paths=['.'], packages_ignore=None, packages_ignore_regex=None, paths=None, packages_up_to=None, packages_up_to_regex=None, packages_above=None, packages_above_and_dependencies=None, packages_above_depth=None, packages_select_by_dep=None, packages_skip_by_dep=None, packages_skip_up_to=None, packages_select_build_failed=False, packages_skip_build_finished=False, packages_select_test_failures=False, packages_skip_test_passed=False, packages_select=['simu'], packages_skip=None, packages_select_regex=None, packages_skip_regex=None, packages_start=None, packages_end=None, allow_overriding=[], cmake_args=None, cmake_target=None, cmake_target_skip_unavailable=False, cmake_clean_cache=False, cmake_clean_first=False, cmake_force_configure=False, ament_cmake_args=None, catkin_cmake_args=None, catkin_skip_building_tests=False, verb_parser=<colcon_defaults.argument_parser.defaults.DefaultArgumentsDecorator object at 0x7f1a3b93c340>, verb_extension=<colcon_core.verb.build.BuildVerb object at 0x7f1a3b90bd90>, main=<bound method BuildVerb.main of <colcon_core.verb.build.BuildVerb object at 0x7f1a3b90bd90>>)
[2.603s] Level 1:colcon.colcon_core.package_discovery:discover_packages(colcon_meta) check parameters
[2.608s] Level 1:colcon.colcon_core.package_discovery:discover_packages(recursive) check parameters
[2.608s] Level 1:colcon.colcon_core.package_discovery:discover_packages(ignore) check parameters
[2.608s] Level 1:colcon.colcon_core.package_discovery:discover_packages(path) check parameters
[2.609s] Level 1:colcon.colcon_core.package_discovery:discover_packages(colcon_meta) discover
[2.609s] Level 1:colcon.colcon_core.package_discovery:discover_packages(recursive) discover
[2.610s] INFO:colcon.colcon_core.package_discovery:Crawling recursively for packages in '/home/vzeferino/ros2/src/simu/simu'
[2.628s] Level 1:colcon.colcon_core.package_identification:_identify(.) by extensions ['ignore', 'ignore_ament_install']
[2.629s] Level 1:colcon.colcon_core.package_identification:_identify(.) by extension 'ignore'
[2.629s] Level 1:colcon.colcon_core.package_identification:_identify(.) by extension 'ignore_ament_install'
[2.629s] Level 1:colcon.colcon_core.package_identification:_identify(.) by extensions ['colcon_pkg']
[2.630s] Level 1:colcon.colcon_core.package_identification:_identify(.) by extension 'colcon_pkg'
[2.630s] Level 1:colcon.colcon_core.package_identification:_identify(.) by extensions ['colcon_meta']
[2.630s] Level 1:colcon.colcon_core.package_identification:_identify(.) by extension 'colcon_meta'
[2.631s] Level 1:colcon.colcon_core.package_identification:_identify(.) by extensions ['ros']
[2.631s] Level 1:colcon.colcon_core.package_identification:_identify(.) by extension 'ros'
[2.826s] Level 1:colcon.colcon_core.package_identification:_identify(.) by extensions ['cmake', 'python']
[2.828s] Level 1:colcon.colcon_core.package_identification:_identify(.) by extension 'cmake'
[2.834s] Level 1:colcon.colcon_core.package_identification:_identify(.) by extension 'python'
[2.835s] Level 1:colcon.colcon_core.package_identification:_identify(.) by extensions ['python_setup_py']
[2.836s] Level 1:colcon.colcon_core.package_identification:_identify(.) by extension 'python_setup_py'
[2.839s] Level 1:colcon.colcon_core.package_identification:_identify(build) by extensions ['ignore', 'ignore_ament_install']
[2.839s] Level 1:colcon.colcon_core.package_identification:_identify(build) by extension 'ignore'
[2.840s] Level 1:colcon.colcon_core.package_identification:_identify(build) ignored
[2.840s] Level 1:colcon.colcon_core.package_identification:_identify(install) by extensions ['ignore', 'ignore_ament_install']
[2.842s] Level 1:colcon.colcon_core.package_identification:_identify(install) by extension 'ignore'
[2.842s] Level 1:colcon.colcon_core.package_identification:_identify(install) ignored
[2.842s] Level 1:colcon.colcon_core.package_identification:_identify(log) by extensions ['ignore', 'ignore_ament_install']
[2.843s] Level 1:colcon.colcon_core.package_identification:_identify(log) by extension 'ignore'
[2.843s] Level 1:colcon.colcon_core.package_identification:_identify(log) ignored
[2.844s] Level 1:colcon.colcon_core.package_discovery:discover_packages(recursive) using defaults
[2.844s] Level 1:colcon.colcon_core.package_discovery:discover_packages(ignore) discover
[2.844s] Level 1:colcon.colcon_core.package_discovery:discover_packages(ignore) using defaults
[2.844s] Level 1:colcon.colcon_core.package_discovery:discover_packages(path) discover
[2.844s] Level 1:colcon.colcon_core.package_discovery:discover_packages(path) using defaults
[2.857s] WARNING:colcon.colcon_core.package_selection:ignoring unknown package 'simu' in --packages-select
[3.198s] Level 1:colcon.colcon_core.package_discovery:discover_packages(prefix_path) check parameters
[3.208s] Level 1:colcon.colcon_core.package_discovery:discover_packages(prefix_path) discover
[3.257s] DEBUG:colcon.colcon_installed_package_information.package_discovery:Found 1 installed packages in /home/vzeferino/ros2/install
[3.262s] DEBUG:colcon.colcon_installed_package_information.package_discovery:Found 381 installed packages in /opt/ros/humble
[3.278s] Level 1:colcon.colcon_core.package_discovery:discover_packages(prefix_path) using defaults
[4.218s] INFO:colcon.colcon_core.executor:Executing jobs using 'parallel' executor
[4.270s] DEBUG:colcon.colcon_parallel_executor.executor.parallel:run_until_complete
[4.270s] DEBUG:colcon.colcon_parallel_executor.executor.parallel:closing loop
[4.270s] DEBUG:colcon.colcon_parallel_executor.executor.parallel:loop closed
[4.270s] DEBUG:colcon.colcon_parallel_executor.executor.parallel:run_until_complete finished with '0'
[4.271s] DEBUG:colcon.colcon_core.event_reactor:joining thread
[4.557s] INFO:colcon.colcon_core.plugin_system:Skipping extension 'colcon_notification.desktop_notification.notify_send': Could not find 'notify-send'
[4.558s] INFO:colcon.colcon_core.plugin_system:Skipping extension 'colcon_notification.desktop_notification.terminal_notifier': Not used on non-Darwin systems
[4.559s] INFO:colcon.colcon_core.plugin_system:Skipping extension 'colcon_notification.desktop_notification.win32': Not used on non-Windows systems
[4.559s] INFO:colcon.colcon_notification.desktop_notification:Sending desktop notification using 'notify2'
[4.667s] DEBUG:colcon.colcon_notification.desktop_notification.notify2:Failed to initialize notify2: org.freedesktop.DBus.Error.ServiceUnknown: The name org.freedesktop.Notifications was not provided by any .service files
[4.667s] DEBUG:colcon.colcon_core.event_reactor:joined thread
[4.735s] INFO:colcon.colcon_core.plugin_system:Skipping extension 'colcon_core.shell.bat': Not used on non-Windows systems
[4.749s] INFO:colcon.colcon_core.shell:Creating prefix script '/home/vzeferino/ros2/src/simu/simu/install/local_setup.ps1'
[4.764s] INFO:colcon.colcon_core.shell:Creating prefix util module '/home/vzeferino/ros2/src/simu/simu/install/_local_setup_util_ps1.py'
[4.768s] INFO:colcon.colcon_core.shell:Creating prefix chain script '/home/vzeferino/ros2/src/simu/simu/install/setup.ps1'
[4.822s] INFO:colcon.colcon_core.shell:Creating prefix script '/home/vzeferino/ros2/src/simu/simu/install/local_setup.sh'
[4.836s] INFO:colcon.colcon_core.shell:Creating prefix util module '/home/vzeferino/ros2/src/simu/simu/install/_local_setup_util_sh.py'
[4.838s] INFO:colcon.colcon_core.shell:Creating prefix chain script '/home/vzeferino/ros2/src/simu/simu/install/setup.sh'
[4.854s] INFO:colcon.colcon_core.shell:Creating prefix script '/home/vzeferino/ros2/src/simu/simu/install/local_setup.bash'
[4.860s] INFO:colcon.colcon_core.shell:Creating prefix chain script '/home/vzeferino/ros2/src/simu/simu/install/setup.bash'
[4.873s] INFO:colcon.colcon_core.shell:Creating prefix script '/home/vzeferino/ros2/src/simu/simu/install/local_setup.zsh'
[4.875s] INFO:colcon.colcon_core.shell:Creating prefix chain script '/home/vzeferino/ros2/src/simu/simu/install/setup.zsh'
