[9.678s] DEBUG:colcon:Command line arguments: ['/usr/bin/colcon', 'build', '--packages-select', 'simu']
[9.678s] DEBUG:colcon:Parsed command line arguments: Namespace(log_base=None, log_level=None, verb_name='build', build_base='build', install_base='install', merge_install=False, symlink_install=False, test_result_base=None, continue_on_error=False, executor='parallel', parallel_workers=2, event_handlers=None, ignore_user_meta=False, metas=['./colcon.meta'], base_paths=['.'], packages_ignore=None, packages_ignore_regex=None, paths=None, packages_up_to=None, packages_up_to_regex=None, packages_above=None, packages_above_and_dependencies=None, packages_above_depth=None, packages_select_by_dep=None, packages_skip_by_dep=None, packages_skip_up_to=None, packages_select_build_failed=False, packages_skip_build_finished=False, packages_select_test_failures=False, packages_skip_test_passed=False, packages_select=['simu'], packages_skip=None, packages_select_regex=None, packages_skip_regex=None, packages_start=None, packages_end=None, allow_overriding=[], cmake_args=None, cmake_target=None, cmake_target_skip_unavailable=False, cmake_clean_cache=False, cmake_clean_first=False, cmake_force_configure=False, ament_cmake_args=None, catkin_cmake_args=None, catkin_skip_building_tests=False, verb_parser=<colcon_defaults.argument_parser.defaults.DefaultArgumentsDecorator object at 0x7f9acc473fd0>, verb_extension=<colcon_core.verb.build.BuildVerb object at 0x7f9acc473a60>, main=<bound method BuildVerb.main of <colcon_core.verb.build.BuildVerb object at 0x7f9acc473a60>>)
[9.935s] Level 1:colcon.colcon_core.package_discovery:discover_packages(colcon_meta) check parameters
[9.935s] Level 1:colcon.colcon_core.package_discovery:discover_packages(recursive) check parameters
[9.935s] Level 1:colcon.colcon_core.package_discovery:discover_packages(ignore) check parameters
[9.935s] Level 1:colcon.colcon_core.package_discovery:discover_packages(path) check parameters
[9.935s] Level 1:colcon.colcon_core.package_discovery:discover_packages(colcon_meta) discover
[9.935s] Level 1:colcon.colcon_core.package_discovery:discover_packages(recursive) discover
[9.936s] INFO:colcon.colcon_core.package_discovery:Crawling recursively for packages in '/home/vzeferino/ros2'
[9.936s] Level 1:colcon.colcon_core.package_identification:_identify(.) by extensions ['ignore', 'ignore_ament_install']
[9.948s] Level 1:colcon.colcon_core.package_identification:_identify(.) by extension 'ignore'
[9.948s] Level 1:colcon.colcon_core.package_identification:_identify(.) by extension 'ignore_ament_install'
[9.948s] Level 1:colcon.colcon_core.package_identification:_identify(.) by extensions ['colcon_pkg']
[9.948s] Level 1:colcon.colcon_core.package_identification:_identify(.) by extension 'colcon_pkg'
[9.948s] Level 1:colcon.colcon_core.package_identification:_identify(.) by extensions ['colcon_meta']
[9.948s] Level 1:colcon.colcon_core.package_identification:_identify(.) by extension 'colcon_meta'
[9.948s] Level 1:colcon.colcon_core.package_identification:_identify(.) by extensions ['ros']
[9.948s] Level 1:colcon.colcon_core.package_identification:_identify(.) by extension 'ros'
[10.062s] Level 1:colcon.colcon_core.package_identification:_identify(.) by extensions ['cmake', 'python']
[10.063s] Level 1:colcon.colcon_core.package_identification:_identify(.) by extension 'cmake'
[10.063s] Level 1:colcon.colcon_core.package_identification:_identify(.) by extension 'python'
[10.063s] Level 1:colcon.colcon_core.package_identification:_identify(.) by extensions ['python_setup_py']
[10.063s] Level 1:colcon.colcon_core.package_identification:_identify(.) by extension 'python_setup_py'
[10.063s] Level 1:colcon.colcon_core.package_identification:_identify(build) by extensions ['ignore', 'ignore_ament_install']
[10.063s] Level 1:colcon.colcon_core.package_identification:_identify(build) by extension 'ignore'
[10.063s] Level 1:colcon.colcon_core.package_identification:_identify(build) ignored
[10.064s] Level 1:colcon.colcon_core.package_identification:_identify(install) by extensions ['ignore', 'ignore_ament_install']
[10.064s] Level 1:colcon.colcon_core.package_identification:_identify(install) by extension 'ignore'
[10.064s] Level 1:colcon.colcon_core.package_identification:_identify(install) ignored
[10.064s] Level 1:colcon.colcon_core.package_identification:_identify(log) by extensions ['ignore', 'ignore_ament_install']
[10.064s] Level 1:colcon.colcon_core.package_identification:_identify(log) by extension 'ignore'
[10.064s] Level 1:colcon.colcon_core.package_identification:_identify(log) ignored
[10.065s] Level 1:colcon.colcon_core.package_identification:_identify(src) by extensions ['ignore', 'ignore_ament_install']
[10.066s] Level 1:colcon.colcon_core.package_identification:_identify(src) by extension 'ignore'
[10.066s] Level 1:colcon.colcon_core.package_identification:_identify(src) by extension 'ignore_ament_install'
[10.066s] Level 1:colcon.colcon_core.package_identification:_identify(src) by extensions ['colcon_pkg']
[10.066s] Level 1:colcon.colcon_core.package_identification:_identify(src) by extension 'colcon_pkg'
[10.066s] Level 1:colcon.colcon_core.package_identification:_identify(src) by extensions ['colcon_meta']
[10.067s] Level 1:colcon.colcon_core.package_identification:_identify(src) by extension 'colcon_meta'
[10.067s] Level 1:colcon.colcon_core.package_identification:_identify(src) by extensions ['ros']
[10.067s] Level 1:colcon.colcon_core.package_identification:_identify(src) by extension 'ros'
[10.067s] Level 1:colcon.colcon_core.package_identification:_identify(src) by extensions ['cmake', 'python']
[10.067s] Level 1:colcon.colcon_core.package_identification:_identify(src) by extension 'cmake'
[10.067s] Level 1:colcon.colcon_core.package_identification:_identify(src) by extension 'python'
[10.067s] Level 1:colcon.colcon_core.package_identification:_identify(src) by extensions ['python_setup_py']
[10.067s] Level 1:colcon.colcon_core.package_identification:_identify(src) by extension 'python_setup_py'
[10.068s] Level 1:colcon.colcon_core.package_identification:_identify(src/simu) by extensions ['ignore', 'ignore_ament_install']
[10.068s] Level 1:colcon.colcon_core.package_identification:_identify(src/simu) by extension 'ignore'
[10.068s] Level 1:colcon.colcon_core.package_identification:_identify(src/simu) by extension 'ignore_ament_install'
[10.068s] Level 1:colcon.colcon_core.package_identification:_identify(src/simu) by extensions ['colcon_pkg']
[10.068s] Level 1:colcon.colcon_core.package_identification:_identify(src/simu) by extension 'colcon_pkg'
[10.068s] Level 1:colcon.colcon_core.package_identification:_identify(src/simu) by extensions ['colcon_meta']
[10.068s] Level 1:colcon.colcon_core.package_identification:_identify(src/simu) by extension 'colcon_meta'
[10.068s] Level 1:colcon.colcon_core.package_identification:_identify(src/simu) by extensions ['ros']
[10.068s] Level 1:colcon.colcon_core.package_identification:_identify(src/simu) by extension 'ros'
[10.109s] DEBUG:colcon.colcon_core.package_identification:Package 'src/simu' with type 'ros.ament_python' and name 'simu'
[10.109s] Level 1:colcon.colcon_core.package_discovery:discover_packages(recursive) using defaults
[10.109s] Level 1:colcon.colcon_core.package_discovery:discover_packages(ignore) discover
[10.109s] Level 1:colcon.colcon_core.package_discovery:discover_packages(ignore) using defaults
[10.109s] Level 1:colcon.colcon_core.package_discovery:discover_packages(path) discover
[10.109s] Level 1:colcon.colcon_core.package_discovery:discover_packages(path) using defaults
[10.375s] Level 1:colcon.colcon_core.package_discovery:discover_packages(prefix_path) check parameters
[10.376s] Level 1:colcon.colcon_core.package_discovery:discover_packages(prefix_path) discover
[10.393s] DEBUG:colcon.colcon_installed_package_information.package_discovery:Found 1 installed packages in /home/vzeferino/ros2/install
[10.409s] DEBUG:colcon.colcon_installed_package_information.package_discovery:Found 381 installed packages in /opt/ros/humble
[10.511s] Level 1:colcon.colcon_core.package_discovery:discover_packages(prefix_path) using defaults
[11.453s] Level 5:colcon.colcon_core.verb:set package 'simu' build argument 'cmake_args' from command line to 'None'
[11.453s] Level 5:colcon.colcon_core.verb:set package 'simu' build argument 'cmake_target' from command line to 'None'
[11.453s] Level 5:colcon.colcon_core.verb:set package 'simu' build argument 'cmake_target_skip_unavailable' from command line to 'False'
[11.453s] Level 5:colcon.colcon_core.verb:set package 'simu' build argument 'cmake_clean_cache' from command line to 'False'
[11.454s] Level 5:colcon.colcon_core.verb:set package 'simu' build argument 'cmake_clean_first' from command line to 'False'
[11.454s] Level 5:colcon.colcon_core.verb:set package 'simu' build argument 'cmake_force_configure' from command line to 'False'
[11.454s] Level 5:colcon.colcon_core.verb:set package 'simu' build argument 'ament_cmake_args' from command line to 'None'
[11.454s] Level 5:colcon.colcon_core.verb:set package 'simu' build argument 'catkin_cmake_args' from command line to 'None'
[11.454s] Level 5:colcon.colcon_core.verb:set package 'simu' build argument 'catkin_skip_building_tests' from command line to 'False'
[11.454s] DEBUG:colcon.colcon_core.verb:Building package 'simu' with the following arguments: {'ament_cmake_args': None, 'build_base': '/home/vzeferino/ros2/build/simu', 'catkin_cmake_args': None, 'catkin_skip_building_tests': False, 'cmake_args': None, 'cmake_clean_cache': False, 'cmake_clean_first': False, 'cmake_force_configure': False, 'cmake_target': None, 'cmake_target_skip_unavailable': False, 'install_base': '/home/vzeferino/ros2/install/simu', 'merge_install': False, 'path': '/home/vzeferino/ros2/src/simu', 'symlink_install': False, 'test_result_base': None}
[11.456s] INFO:colcon.colcon_core.executor:Executing jobs using 'parallel' executor
[11.501s] DEBUG:colcon.colcon_parallel_executor.executor.parallel:run_until_complete
[11.502s] INFO:colcon.colcon_ros.task.ament_python.build:Building ROS package in '/home/vzeferino/ros2/src/simu' with build type 'ament_python'
[11.502s] Level 1:colcon.colcon_core.shell:create_environment_hook('simu', 'ament_prefix_path')
[11.535s] INFO:colcon.colcon_core.plugin_system:Skipping extension 'colcon_core.shell.bat': Not used on non-Windows systems
[11.535s] INFO:colcon.colcon_core.shell:Creating environment hook '/home/vzeferino/ros2/install/simu/share/simu/hook/ament_prefix_path.ps1'
[11.536s] INFO:colcon.colcon_core.shell:Creating environment descriptor '/home/vzeferino/ros2/install/simu/share/simu/hook/ament_prefix_path.dsv'
[11.547s] INFO:colcon.colcon_core.shell:Creating environment hook '/home/vzeferino/ros2/install/simu/share/simu/hook/ament_prefix_path.sh'
[11.565s] INFO:colcon.colcon_core.shell:Skip shell extension 'powershell' for command environment: Not usable outside of PowerShell
[11.565s] DEBUG:colcon.colcon_core.shell:Skip shell extension 'dsv' for command environment
[14.823s] INFO:colcon.colcon_core.task.python.build:Building Python package in '/home/vzeferino/ros2/src/simu'
[14.827s] INFO:colcon.colcon_core.shell:Skip shell extension 'powershell' for command environment: Not usable outside of PowerShell
[14.827s] DEBUG:colcon.colcon_core.shell:Skip shell extension 'dsv' for command environment
[18.789s] DEBUG:colcon.colcon_core.event_handler.log_command:Invoking command in '/home/vzeferino/ros2/src/simu': PYTHONPATH=/home/vzeferino/ros2/build/simu/prefix_override:/home/vzeferino/ros2/install/simu/lib/python3.10/site-packages:${PYTHONPATH} /usr/bin/python3 setup.py egg_info --egg-base ../../build/simu build --build-base /home/vzeferino/ros2/build/simu/build install --record /home/vzeferino/ros2/build/simu/install.log --single-version-externally-managed
[22.196s] DEBUG:colcon.colcon_core.event_handler.log_command:Invoked command in '/home/vzeferino/ros2/src/simu' returned '0': PYTHONPATH=/home/vzeferino/ros2/build/simu/prefix_override:/home/vzeferino/ros2/install/simu/lib/python3.10/site-packages:${PYTHONPATH} /usr/bin/python3 setup.py egg_info --egg-base ../../build/simu build --build-base /home/vzeferino/ros2/build/simu/build install --record /home/vzeferino/ros2/build/simu/install.log --single-version-externally-managed
[22.231s] Level 1:colcon.colcon_core.environment:checking '/home/vzeferino/ros2/install/simu' for CMake module files
[22.245s] Level 1:colcon.colcon_core.environment:checking '/home/vzeferino/ros2/install/simu' for CMake config files
[22.246s] Level 1:colcon.colcon_core.environment:checking '/home/vzeferino/ros2/install/simu/lib'
[22.246s] Level 1:colcon.colcon_core.environment:checking '/home/vzeferino/ros2/install/simu/bin'
[22.246s] Level 1:colcon.colcon_core.environment:checking '/home/vzeferino/ros2/install/simu/lib/pkgconfig/simu.pc'
[22.247s] Level 1:colcon.colcon_core.environment:checking '/home/vzeferino/ros2/install/simu/lib/python3.10/site-packages'
[22.247s] Level 1:colcon.colcon_core.shell:create_environment_hook('simu', 'pythonpath')
[22.266s] INFO:colcon.colcon_core.shell:Creating environment hook '/home/vzeferino/ros2/install/simu/share/simu/hook/pythonpath.ps1'
[22.279s] INFO:colcon.colcon_core.shell:Creating environment descriptor '/home/vzeferino/ros2/install/simu/share/simu/hook/pythonpath.dsv'
[22.280s] INFO:colcon.colcon_core.shell:Creating environment hook '/home/vzeferino/ros2/install/simu/share/simu/hook/pythonpath.sh'
[22.281s] Level 1:colcon.colcon_core.environment:checking '/home/vzeferino/ros2/install/simu/bin'
[22.281s] Level 1:colcon.colcon_core.environment:create_environment_scripts_only(simu)
[22.297s] INFO:colcon.colcon_core.shell:Creating package script '/home/vzeferino/ros2/install/simu/share/simu/package.ps1'
[22.310s] INFO:colcon.colcon_core.shell:Creating package descriptor '/home/vzeferino/ros2/install/simu/share/simu/package.dsv'
[22.312s] INFO:colcon.colcon_core.shell:Creating package script '/home/vzeferino/ros2/install/simu/share/simu/package.sh'
[22.314s] INFO:colcon.colcon_core.shell:Creating package script '/home/vzeferino/ros2/install/simu/share/simu/package.bash'
[22.328s] INFO:colcon.colcon_core.shell:Creating package script '/home/vzeferino/ros2/install/simu/share/simu/package.zsh'
[22.329s] Level 1:colcon.colcon_core.environment:create_file_with_runtime_dependencies(/home/vzeferino/ros2/install/simu/share/colcon-core/packages/simu)
[22.343s] DEBUG:colcon.colcon_parallel_executor.executor.parallel:closing loop
[22.343s] DEBUG:colcon.colcon_parallel_executor.executor.parallel:loop closed
[22.343s] DEBUG:colcon.colcon_parallel_executor.executor.parallel:run_until_complete finished with '0'
[22.344s] DEBUG:colcon.colcon_core.event_reactor:joining thread
[25.288s] INFO:colcon.colcon_core.plugin_system:Skipping extension 'colcon_notification.desktop_notification.notify_send': Could not find 'notify-send'
[25.289s] INFO:colcon.colcon_core.plugin_system:Skipping extension 'colcon_notification.desktop_notification.terminal_notifier': Not used on non-Darwin systems
[25.289s] INFO:colcon.colcon_core.plugin_system:Skipping extension 'colcon_notification.desktop_notification.win32': Not used on non-Windows systems
[25.289s] INFO:colcon.colcon_notification.desktop_notification:Sending desktop notification using 'notify2'
[25.434s] DEBUG:colcon.colcon_notification.desktop_notification.notify2:Failed to initialize notify2: org.freedesktop.DBus.Error.ServiceUnknown: The name org.freedesktop.Notifications was not provided by any .service files
[25.434s] DEBUG:colcon.colcon_core.event_reactor:joined thread
[25.476s] INFO:colcon.colcon_core.shell:Creating prefix script '/home/vzeferino/ros2/install/local_setup.ps1'
[25.479s] INFO:colcon.colcon_core.shell:Creating prefix util module '/home/vzeferino/ros2/install/_local_setup_util_ps1.py'
[25.494s] INFO:colcon.colcon_core.shell:Creating prefix chain script '/home/vzeferino/ros2/install/setup.ps1'
[25.567s] INFO:colcon.colcon_core.shell:Creating prefix script '/home/vzeferino/ros2/install/local_setup.sh'
[25.568s] INFO:colcon.colcon_core.shell:Creating prefix util module '/home/vzeferino/ros2/install/_local_setup_util_sh.py'
[25.568s] INFO:colcon.colcon_core.shell:Creating prefix chain script '/home/vzeferino/ros2/install/setup.sh'
[25.582s] INFO:colcon.colcon_core.shell:Creating prefix script '/home/vzeferino/ros2/install/local_setup.bash'
[25.657s] INFO:colcon.colcon_core.shell:Creating prefix chain script '/home/vzeferino/ros2/install/setup.bash'
[25.661s] INFO:colcon.colcon_core.shell:Creating prefix script '/home/vzeferino/ros2/install/local_setup.zsh'
[25.662s] INFO:colcon.colcon_core.shell:Creating prefix chain script '/home/vzeferino/ros2/install/setup.zsh'
