[6.460s] DEBUG:colcon:Command line arguments: ['/usr/bin/colcon', 'build', '--packages-select', 'simu']
[6.460s] DEBUG:colcon:Parsed command line arguments: Namespace(log_base=None, log_level=None, verb_name='build', build_base='build', install_base='install', merge_install=False, symlink_install=False, test_result_base=None, continue_on_error=False, executor='parallel', parallel_workers=2, event_handlers=None, ignore_user_meta=False, metas=['./colcon.meta'], base_paths=['.'], packages_ignore=None, packages_ignore_regex=None, paths=None, packages_up_to=None, packages_up_to_regex=None, packages_above=None, packages_above_and_dependencies=None, packages_above_depth=None, packages_select_by_dep=None, packages_skip_by_dep=None, packages_skip_up_to=None, packages_select_build_failed=False, packages_skip_build_finished=False, packages_select_test_failures=False, packages_skip_test_passed=False, packages_select=['simu'], packages_skip=None, packages_select_regex=None, packages_skip_regex=None, packages_start=None, packages_end=None, allow_overriding=[], cmake_args=None, cmake_target=None, cmake_target_skip_unavailable=False, cmake_clean_cache=False, cmake_clean_first=False, cmake_force_configure=False, ament_cmake_args=None, catkin_cmake_args=None, catkin_skip_building_tests=False, verb_parser=<colcon_defaults.argument_parser.defaults.DefaultArgumentsDecorator object at 0x7f3280ed8400>, verb_extension=<colcon_core.verb.build.BuildVerb object at 0x7f3280ea7e50>, main=<bound method BuildVerb.main of <colcon_core.verb.build.BuildVerb object at 0x7f3280ea7e50>>)
[6.738s] Level 1:colcon.colcon_core.package_discovery:discover_packages(colcon_meta) check parameters
[6.740s] Level 1:colcon.colcon_core.package_discovery:discover_packages(recursive) check parameters
[6.741s] Level 1:colcon.colcon_core.package_discovery:discover_packages(ignore) check parameters
[6.741s] Level 1:colcon.colcon_core.package_discovery:discover_packages(path) check parameters
[6.741s] Level 1:colcon.colcon_core.package_discovery:discover_packages(colcon_meta) discover
[6.741s] Level 1:colcon.colcon_core.package_discovery:discover_packages(recursive) discover
[6.743s] INFO:colcon.colcon_core.package_discovery:Crawling recursively for packages in '/home/vzeferino/ros2/src'
[6.744s] Level 1:colcon.colcon_core.package_identification:_identify(.) by extensions ['ignore', 'ignore_ament_install']
[6.744s] Level 1:colcon.colcon_core.package_identification:_identify(.) by extension 'ignore'
[6.745s] Level 1:colcon.colcon_core.package_identification:_identify(.) by extension 'ignore_ament_install'
[6.746s] Level 1:colcon.colcon_core.package_identification:_identify(.) by extensions ['colcon_pkg']
[6.747s] Level 1:colcon.colcon_core.package_identification:_identify(.) by extension 'colcon_pkg'
[6.747s] Level 1:colcon.colcon_core.package_identification:_identify(.) by extensions ['colcon_meta']
[6.752s] Level 1:colcon.colcon_core.package_identification:_identify(.) by extension 'colcon_meta'
[6.752s] Level 1:colcon.colcon_core.package_identification:_identify(.) by extensions ['ros']
[6.752s] Level 1:colcon.colcon_core.package_identification:_identify(.) by extension 'ros'
[6.839s] Level 1:colcon.colcon_core.package_identification:_identify(.) by extensions ['cmake', 'python']
[6.839s] Level 1:colcon.colcon_core.package_identification:_identify(.) by extension 'cmake'
[6.840s] Level 1:colcon.colcon_core.package_identification:_identify(.) by extension 'python'
[6.840s] Level 1:colcon.colcon_core.package_identification:_identify(.) by extensions ['python_setup_py']
[6.840s] Level 1:colcon.colcon_core.package_identification:_identify(.) by extension 'python_setup_py'
[6.840s] Level 1:colcon.colcon_core.package_identification:_identify(build) by extensions ['ignore', 'ignore_ament_install']
[6.848s] Level 1:colcon.colcon_core.package_identification:_identify(build) by extension 'ignore'
[6.852s] Level 1:colcon.colcon_core.package_identification:_identify(build) ignored
[6.853s] Level 1:colcon.colcon_core.package_identification:_identify(install) by extensions ['ignore', 'ignore_ament_install']
[6.853s] Level 1:colcon.colcon_core.package_identification:_identify(install) by extension 'ignore'
[6.854s] Level 1:colcon.colcon_core.package_identification:_identify(install) ignored
[6.854s] Level 1:colcon.colcon_core.package_identification:_identify(log) by extensions ['ignore', 'ignore_ament_install']
[6.855s] Level 1:colcon.colcon_core.package_identification:_identify(log) by extension 'ignore'
[6.855s] Level 1:colcon.colcon_core.package_identification:_identify(log) ignored
[6.855s] Level 1:colcon.colcon_core.package_identification:_identify(simu) by extensions ['ignore', 'ignore_ament_install']
[6.858s] Level 1:colcon.colcon_core.package_identification:_identify(simu) by extension 'ignore'
[6.858s] Level 1:colcon.colcon_core.package_identification:_identify(simu) by extension 'ignore_ament_install'
[6.858s] Level 1:colcon.colcon_core.package_identification:_identify(simu) by extensions ['colcon_pkg']
[6.859s] Level 1:colcon.colcon_core.package_identification:_identify(simu) by extension 'colcon_pkg'
[6.859s] Level 1:colcon.colcon_core.package_identification:_identify(simu) by extensions ['colcon_meta']
[6.859s] Level 1:colcon.colcon_core.package_identification:_identify(simu) by extension 'colcon_meta'
[6.860s] Level 1:colcon.colcon_core.package_identification:_identify(simu) by extensions ['ros']
[6.860s] Level 1:colcon.colcon_core.package_identification:_identify(simu) by extension 'ros'
[6.891s] DEBUG:colcon.colcon_core.package_identification:Package 'simu' with type 'ros.ament_python' and name 'simu'
[6.891s] Level 1:colcon.colcon_core.package_discovery:discover_packages(recursive) using defaults
[6.892s] Level 1:colcon.colcon_core.package_discovery:discover_packages(ignore) discover
[6.892s] Level 1:colcon.colcon_core.package_discovery:discover_packages(ignore) using defaults
[6.892s] Level 1:colcon.colcon_core.package_discovery:discover_packages(path) discover
[6.892s] Level 1:colcon.colcon_core.package_discovery:discover_packages(path) using defaults
[7.081s] Level 1:colcon.colcon_core.package_discovery:discover_packages(prefix_path) check parameters
[7.081s] Level 1:colcon.colcon_core.package_discovery:discover_packages(prefix_path) discover
[7.114s] DEBUG:colcon.colcon_installed_package_information.package_discovery:Found 1 installed packages in /home/vzeferino/ros2/src/install
[7.148s] DEBUG:colcon.colcon_installed_package_information.package_discovery:Found 1 installed packages in /home/vzeferino/ros2/install
[7.164s] DEBUG:colcon.colcon_installed_package_information.package_discovery:Found 381 installed packages in /opt/ros/humble
[7.179s] Level 1:colcon.colcon_core.package_discovery:discover_packages(prefix_path) using defaults
[7.774s] Level 5:colcon.colcon_core.verb:set package 'simu' build argument 'cmake_args' from command line to 'None'
[7.774s] Level 5:colcon.colcon_core.verb:set package 'simu' build argument 'cmake_target' from command line to 'None'
[7.775s] Level 5:colcon.colcon_core.verb:set package 'simu' build argument 'cmake_target_skip_unavailable' from command line to 'False'
[7.776s] Level 5:colcon.colcon_core.verb:set package 'simu' build argument 'cmake_clean_cache' from command line to 'False'
[7.776s] Level 5:colcon.colcon_core.verb:set package 'simu' build argument 'cmake_clean_first' from command line to 'False'
[7.776s] Level 5:colcon.colcon_core.verb:set package 'simu' build argument 'cmake_force_configure' from command line to 'False'
[7.776s] Level 5:colcon.colcon_core.verb:set package 'simu' build argument 'ament_cmake_args' from command line to 'None'
[7.776s] Level 5:colcon.colcon_core.verb:set package 'simu' build argument 'catkin_cmake_args' from command line to 'None'
[7.777s] Level 5:colcon.colcon_core.verb:set package 'simu' build argument 'catkin_skip_building_tests' from command line to 'False'
[7.777s] DEBUG:colcon.colcon_core.verb:Building package 'simu' with the following arguments: {'ament_cmake_args': None, 'build_base': '/home/vzeferino/ros2/src/build/simu', 'catkin_cmake_args': None, 'catkin_skip_building_tests': False, 'cmake_args': None, 'cmake_clean_cache': False, 'cmake_clean_first': False, 'cmake_force_configure': False, 'cmake_target': None, 'cmake_target_skip_unavailable': False, 'install_base': '/home/vzeferino/ros2/src/install/simu', 'merge_install': False, 'path': '/home/vzeferino/ros2/src/simu', 'symlink_install': False, 'test_result_base': None}
[7.784s] INFO:colcon.colcon_core.executor:Executing jobs using 'parallel' executor
[7.816s] DEBUG:colcon.colcon_parallel_executor.executor.parallel:run_until_complete
[7.817s] INFO:colcon.colcon_ros.task.ament_python.build:Building ROS package in '/home/vzeferino/ros2/src/simu' with build type 'ament_python'
[7.817s] Level 1:colcon.colcon_core.shell:create_environment_hook('simu', 'ament_prefix_path')
[7.878s] INFO:colcon.colcon_core.plugin_system:Skipping extension 'colcon_core.shell.bat': Not used on non-Windows systems
[7.878s] INFO:colcon.colcon_core.shell:Creating environment hook '/home/vzeferino/ros2/src/install/simu/share/simu/hook/ament_prefix_path.ps1'
[7.882s] INFO:colcon.colcon_core.shell:Creating environment descriptor '/home/vzeferino/ros2/src/install/simu/share/simu/hook/ament_prefix_path.dsv'
[7.893s] INFO:colcon.colcon_core.shell:Creating environment hook '/home/vzeferino/ros2/src/install/simu/share/simu/hook/ament_prefix_path.sh'
[7.904s] INFO:colcon.colcon_core.shell:Skip shell extension 'powershell' for command environment: Not usable outside of PowerShell
[7.914s] DEBUG:colcon.colcon_core.shell:Skip shell extension 'dsv' for command environment
[10.925s] INFO:colcon.colcon_core.task.python.build:Building Python package in '/home/vzeferino/ros2/src/simu'
[10.944s] INFO:colcon.colcon_core.shell:Skip shell extension 'powershell' for command environment: Not usable outside of PowerShell
[10.945s] DEBUG:colcon.colcon_core.shell:Skip shell extension 'dsv' for command environment
[14.678s] DEBUG:colcon.colcon_core.event_handler.log_command:Invoking command in '/home/vzeferino/ros2/src/simu': PYTHONPATH=/home/vzeferino/ros2/src/build/simu/prefix_override:/home/vzeferino/ros2/src/install/simu/lib/python3.10/site-packages:${PYTHONPATH} /usr/bin/python3 setup.py egg_info --egg-base ../build/simu build --build-base /home/vzeferino/ros2/src/build/simu/build install --record /home/vzeferino/ros2/src/build/simu/install.log --single-version-externally-managed
[17.879s] DEBUG:colcon.colcon_core.event_handler.log_command:Invoked command in '/home/vzeferino/ros2/src/simu' returned '0': PYTHONPATH=/home/vzeferino/ros2/src/build/simu/prefix_override:/home/vzeferino/ros2/src/install/simu/lib/python3.10/site-packages:${PYTHONPATH} /usr/bin/python3 setup.py egg_info --egg-base ../build/simu build --build-base /home/vzeferino/ros2/src/build/simu/build install --record /home/vzeferino/ros2/src/build/simu/install.log --single-version-externally-managed
[17.944s] Level 1:colcon.colcon_core.environment:checking '/home/vzeferino/ros2/src/install/simu' for CMake module files
[17.945s] Level 1:colcon.colcon_core.environment:checking '/home/vzeferino/ros2/src/install/simu' for CMake config files
[17.953s] Level 1:colcon.colcon_core.environment:checking '/home/vzeferino/ros2/src/install/simu/lib'
[17.956s] Level 1:colcon.colcon_core.environment:checking '/home/vzeferino/ros2/src/install/simu/bin'
[17.956s] Level 1:colcon.colcon_core.environment:checking '/home/vzeferino/ros2/src/install/simu/lib/pkgconfig/simu.pc'
[17.957s] Level 1:colcon.colcon_core.environment:checking '/home/vzeferino/ros2/src/install/simu/lib/python3.10/site-packages'
[17.958s] Level 1:colcon.colcon_core.shell:create_environment_hook('simu', 'pythonpath')
[17.974s] INFO:colcon.colcon_core.shell:Creating environment hook '/home/vzeferino/ros2/src/install/simu/share/simu/hook/pythonpath.ps1'
[17.975s] INFO:colcon.colcon_core.shell:Creating environment descriptor '/home/vzeferino/ros2/src/install/simu/share/simu/hook/pythonpath.dsv'
[17.976s] INFO:colcon.colcon_core.shell:Creating environment hook '/home/vzeferino/ros2/src/install/simu/share/simu/hook/pythonpath.sh'
[17.977s] Level 1:colcon.colcon_core.environment:checking '/home/vzeferino/ros2/src/install/simu/bin'
[17.977s] Level 1:colcon.colcon_core.environment:create_environment_scripts_only(simu)
[17.997s] INFO:colcon.colcon_core.shell:Creating package script '/home/vzeferino/ros2/src/install/simu/share/simu/package.ps1'
[18.013s] INFO:colcon.colcon_core.shell:Creating package descriptor '/home/vzeferino/ros2/src/install/simu/share/simu/package.dsv'
[18.018s] INFO:colcon.colcon_core.shell:Creating package script '/home/vzeferino/ros2/src/install/simu/share/simu/package.sh'
[18.026s] INFO:colcon.colcon_core.shell:Creating package script '/home/vzeferino/ros2/src/install/simu/share/simu/package.bash'
[18.031s] INFO:colcon.colcon_core.shell:Creating package script '/home/vzeferino/ros2/src/install/simu/share/simu/package.zsh'
[18.041s] Level 1:colcon.colcon_core.environment:create_file_with_runtime_dependencies(/home/vzeferino/ros2/src/install/simu/share/colcon-core/packages/simu)
[18.043s] DEBUG:colcon.colcon_parallel_executor.executor.parallel:closing loop
[18.045s] DEBUG:colcon.colcon_parallel_executor.executor.parallel:loop closed
[18.046s] DEBUG:colcon.colcon_parallel_executor.executor.parallel:run_until_complete finished with '0'
[18.046s] DEBUG:colcon.colcon_core.event_reactor:joining thread
[18.356s] INFO:colcon.colcon_core.plugin_system:Skipping extension 'colcon_notification.desktop_notification.notify_send': Could not find 'notify-send'
[18.357s] INFO:colcon.colcon_core.plugin_system:Skipping extension 'colcon_notification.desktop_notification.terminal_notifier': Not used on non-Darwin systems
[18.359s] INFO:colcon.colcon_core.plugin_system:Skipping extension 'colcon_notification.desktop_notification.win32': Not used on non-Windows systems
[18.359s] INFO:colcon.colcon_notification.desktop_notification:Sending desktop notification using 'notify2'
[18.373s] DEBUG:colcon.colcon_notification.desktop_notification.notify2:Failed to initialize notify2: org.freedesktop.DBus.Error.ServiceUnknown: The name org.freedesktop.Notifications was not provided by any .service files
[18.373s] DEBUG:colcon.colcon_core.event_reactor:joined thread
[18.379s] INFO:colcon.colcon_core.shell:Creating prefix script '/home/vzeferino/ros2/src/install/local_setup.ps1'
[18.382s] INFO:colcon.colcon_core.shell:Creating prefix util module '/home/vzeferino/ros2/src/install/_local_setup_util_ps1.py'
[18.387s] INFO:colcon.colcon_core.shell:Creating prefix chain script '/home/vzeferino/ros2/src/install/setup.ps1'
[18.393s] INFO:colcon.colcon_core.shell:Creating prefix script '/home/vzeferino/ros2/src/install/local_setup.sh'
[18.397s] INFO:colcon.colcon_core.shell:Creating prefix util module '/home/vzeferino/ros2/src/install/_local_setup_util_sh.py'
[18.398s] INFO:colcon.colcon_core.shell:Creating prefix chain script '/home/vzeferino/ros2/src/install/setup.sh'
[18.405s] INFO:colcon.colcon_core.shell:Creating prefix script '/home/vzeferino/ros2/src/install/local_setup.bash'
[18.411s] INFO:colcon.colcon_core.shell:Creating prefix chain script '/home/vzeferino/ros2/src/install/setup.bash'
[18.416s] INFO:colcon.colcon_core.shell:Creating prefix script '/home/vzeferino/ros2/src/install/local_setup.zsh'
[18.417s] INFO:colcon.colcon_core.shell:Creating prefix chain script '/home/vzeferino/ros2/src/install/setup.zsh'
