[7.889s] Invoking command in '/home/vzeferino/ros2/src/simu': PYTHONPATH=/home/vzeferino/ros2/src/build/simu/prefix_override:/home/vzeferino/ros2/src/install/simu/lib/python3.10/site-packages:${PYTHONPATH} /usr/bin/python3 setup.py egg_info --egg-base ../build/simu build --build-base /home/vzeferino/ros2/src/build/simu/build install --record /home/vzeferino/ros2/src/build/simu/install.log --single-version-externally-managed
[10.218s] running egg_info
[10.244s] writing ../build/simu/simu.egg-info/PKG-INFO
[10.246s] writing dependency_links to ../build/simu/simu.egg-info/dependency_links.txt
[10.248s] writing entry points to ../build/simu/simu.egg-info/entry_points.txt
[10.250s] writing requirements to ../build/simu/simu.egg-info/requires.txt
[10.250s] writing top-level names to ../build/simu/simu.egg-info/top_level.txt
[10.269s] reading manifest file '../build/simu/simu.egg-info/SOURCES.txt'
[10.285s] writing manifest file '../build/simu/simu.egg-info/SOURCES.txt'
[10.285s] running build
[10.285s] running build_py
[10.292s] copying simu/__init__.py -> /home/vzeferino/ros2/src/build/simu/build/lib/simu
[10.297s] running install
[10.297s] running install_lib
[10.297s] copying /home/vzeferino/ros2/src/build/simu/build/lib/simu/__init__.py -> /home/vzeferino/ros2/src/install/simu/lib/python3.10/site-packages/simu
[10.313s] byte-compiling /home/vzeferino/ros2/src/install/simu/lib/python3.10/site-packages/simu/__init__.py to __init__.cpython-310.pyc
[10.361s] running install_data
[10.361s] running install_egg_info
[10.383s] removing '/home/vzeferino/ros2/src/install/simu/lib/python3.10/site-packages/simu-0.0.0-py3.10.egg-info' (and everything under it)
[10.396s] Copying ../build/simu/simu.egg-info to /home/vzeferino/ros2/src/install/simu/lib/python3.10/site-packages/simu-0.0.0-py3.10.egg-info
[10.416s] running install_scripts
[10.818s] Installing run script to /home/vzeferino/ros2/src/install/simu/lib/simu
[10.833s] writing list of installed files to '/home/vzeferino/ros2/src/build/simu/install.log'
[11.105s] Invoked command in '/home/vzeferino/ros2/src/simu' returned '0': PYTHONPATH=/home/vzeferino/ros2/src/build/simu/prefix_override:/home/vzeferino/ros2/src/install/simu/lib/python3.10/site-packages:${PYTHONPATH} /usr/bin/python3 setup.py egg_info --egg-base ../build/simu build --build-base /home/vzeferino/ros2/src/build/simu/build install --record /home/vzeferino/ros2/src/build/simu/install.log --single-version-externally-managed
