[7.273s] Invoking command in '/home/vzeferino/ros2/src/simu': PYTHONPATH=/home/vzeferino/ros2/build/simu/prefix_override:/home/vzeferino/ros2/install/simu/lib/python3.10/site-packages:${PYTHONPATH} /usr/bin/python3 setup.py egg_info --egg-base ../../build/simu build --build-base /home/vzeferino/ros2/build/simu/build install --record /home/vzeferino/ros2/build/simu/install.log --single-version-externally-managed
[10.127s] running egg_info
[10.127s] writing ../../build/simu/simu.egg-info/PKG-INFO
[10.127s] writing dependency_links to ../../build/simu/simu.egg-info/dependency_links.txt
[10.128s] writing entry points to ../../build/simu/simu.egg-info/entry_points.txt
[10.128s] writing requirements to ../../build/simu/simu.egg-info/requires.txt
[10.128s] writing top-level names to ../../build/simu/simu.egg-info/top_level.txt
[10.128s] reading manifest file '../../build/simu/simu.egg-info/SOURCES.txt'
[10.141s] writing manifest file '../../build/simu/simu.egg-info/SOURCES.txt'
[10.141s] running build
[10.142s] running build_py
[10.142s] copying simu/__init__.py -> /home/vzeferino/ros2/build/simu/build/lib/simu
[10.142s] running install
[10.158s] running install_lib
[10.174s] copying /home/vzeferino/ros2/build/simu/build/lib/simu/__init__.py -> /home/vzeferino/ros2/install/simu/lib/python3.10/site-packages/simu
[10.174s] byte-compiling /home/vzeferino/ros2/install/simu/lib/python3.10/site-packages/simu/__init__.py to __init__.cpython-310.pyc
[10.174s] running install_data
[10.190s] running install_egg_info
[10.193s] removing '/home/vzeferino/ros2/install/simu/lib/python3.10/site-packages/simu-0.0.0-py3.10.egg-info' (and everything under it)
[10.222s] Copying ../../build/simu/simu.egg-info to /home/vzeferino/ros2/install/simu/lib/python3.10/site-packages/simu-0.0.0-py3.10.egg-info
[10.222s] running install_scripts
[10.454s] Installing run script to /home/vzeferino/ros2/install/simu/lib/simu
[10.455s] writing list of installed files to '/home/vzeferino/ros2/build/simu/install.log'
[10.679s] Invoked command in '/home/vzeferino/ros2/src/simu' returned '0': PYTHONPATH=/home/vzeferino/ros2/build/simu/prefix_override:/home/vzeferino/ros2/install/simu/lib/python3.10/site-packages:${PYTHONPATH} /usr/bin/python3 setup.py egg_info --egg-base ../../build/simu build --build-base /home/vzeferino/ros2/build/simu/build install --record /home/vzeferino/ros2/build/simu/install.log --single-version-externally-managed
