[11.272s] DEBUG:colcon:Command line arguments: ['/usr/bin/colcon', 'build', '--packages-select', 'simu']
[11.300s] DEBUG:colcon:Parsed command line arguments: Namespace(log_base=None, log_level=None, verb_name='build', build_base='build', install_base='install', merge_install=False, symlink_install=False, test_result_base=None, continue_on_error=False, executor='parallel', parallel_workers=2, event_handlers=None, ignore_user_meta=False, metas=['./colcon.meta'], base_paths=['.'], packages_ignore=None, packages_ignore_regex=None, paths=None, packages_up_to=None, packages_up_to_regex=None, packages_above=None, packages_above_and_dependencies=None, packages_above_depth=None, packages_select_by_dep=None, packages_skip_by_dep=None, packages_skip_up_to=None, packages_select_build_failed=False, packages_skip_build_finished=False, packages_select_test_failures=False, packages_skip_test_passed=False, packages_select=['simu'], packages_skip=None, packages_select_regex=None, packages_skip_regex=None, packages_start=None, packages_end=None, allow_overriding=[], cmake_args=None, cmake_target=None, cmake_target_skip_unavailable=False, cmake_clean_cache=False, cmake_clean_first=False, cmake_force_configure=False, ament_cmake_args=None, catkin_cmake_args=None, catkin_skip_building_tests=False, verb_parser=<colcon_defaults.argument_parser.defaults.DefaultArgumentsDecorator object at 0x7f3de3928130>, verb_extension=<colcon_core.verb.build.BuildVerb object at 0x7f3de38f7b80>, main=<bound method BuildVerb.main of <colcon_core.verb.build.BuildVerb object at 0x7f3de38f7b80>>)
[11.515s] Level 1:colcon.colcon_core.package_discovery:discover_packages(colcon_meta) check parameters
[11.515s] Level 1:colcon.colcon_core.package_discovery:discover_packages(recursive) check parameters
[11.515s] Level 1:colcon.colcon_core.package_discovery:discover_packages(ignore) check parameters
[11.515s] Level 1:colcon.colcon_core.package_discovery:discover_packages(path) check parameters
[11.515s] Level 1:colcon.colcon_core.package_discovery:discover_packages(colcon_meta) discover
[11.515s] Level 1:colcon.colcon_core.package_discovery:discover_packages(recursive) discover
[11.515s] INFO:colcon.colcon_core.package_discovery:Crawling recursively for packages in '/home/vzeferino/ros2'
[11.516s] Level 1:colcon.colcon_core.package_identification:_identify(.) by extensions ['ignore', 'ignore_ament_install']
[11.516s] Level 1:colcon.colcon_core.package_identification:_identify(.) by extension 'ignore'
[11.516s] Level 1:colcon.colcon_core.package_identification:_identify(.) by extension 'ignore_ament_install'
[11.516s] Level 1:colcon.colcon_core.package_identification:_identify(.) by extensions ['colcon_pkg']
[11.516s] Level 1:colcon.colcon_core.package_identification:_identify(.) by extension 'colcon_pkg'
[11.516s] Level 1:colcon.colcon_core.package_identification:_identify(.) by extensions ['colcon_meta']
[11.516s] Level 1:colcon.colcon_core.package_identification:_identify(.) by extension 'colcon_meta'
[11.529s] Level 1:colcon.colcon_core.package_identification:_identify(.) by extensions ['ros']
[11.530s] Level 1:colcon.colcon_core.package_identification:_identify(.) by extension 'ros'
[11.614s] Level 1:colcon.colcon_core.package_identification:_identify(.) by extensions ['cmake', 'python']
[11.614s] Level 1:colcon.colcon_core.package_identification:_identify(.) by extension 'cmake'
[11.615s] Level 1:colcon.colcon_core.package_identification:_identify(.) by extension 'python'
[11.637s] Level 1:colcon.colcon_core.package_identification:_identify(.) by extensions ['python_setup_py']
[11.637s] Level 1:colcon.colcon_core.package_identification:_identify(.) by extension 'python_setup_py'
[11.638s] Level 1:colcon.colcon_core.package_identification:_identify(build) by extensions ['ignore', 'ignore_ament_install']
[11.638s] Level 1:colcon.colcon_core.package_identification:_identify(build) by extension 'ignore'
[11.638s] Level 1:colcon.colcon_core.package_identification:_identify(build) ignored
[11.638s] Level 1:colcon.colcon_core.package_identification:_identify(install) by extensions ['ignore', 'ignore_ament_install']
[11.639s] Level 1:colcon.colcon_core.package_identification:_identify(install) by extension 'ignore'
[11.639s] Level 1:colcon.colcon_core.package_identification:_identify(install) ignored
[11.639s] Level 1:colcon.colcon_core.package_identification:_identify(log) by extensions ['ignore', 'ignore_ament_install']
[11.639s] Level 1:colcon.colcon_core.package_identification:_identify(log) by extension 'ignore'
[11.639s] Level 1:colcon.colcon_core.package_identification:_identify(log) ignored
[11.639s] Level 1:colcon.colcon_core.package_identification:_identify(src) by extensions ['ignore', 'ignore_ament_install']
[11.640s] Level 1:colcon.colcon_core.package_identification:_identify(src) by extension 'ignore'
[11.640s] Level 1:colcon.colcon_core.package_identification:_identify(src) by extension 'ignore_ament_install'
[11.640s] Level 1:colcon.colcon_core.package_identification:_identify(src) by extensions ['colcon_pkg']
[11.640s] Level 1:colcon.colcon_core.package_identification:_identify(src) by extension 'colcon_pkg'
[11.640s] Level 1:colcon.colcon_core.package_identification:_identify(src) by extensions ['colcon_meta']
[11.640s] Level 1:colcon.colcon_core.package_identification:_identify(src) by extension 'colcon_meta'
[11.640s] Level 1:colcon.colcon_core.package_identification:_identify(src) by extensions ['ros']
[11.640s] Level 1:colcon.colcon_core.package_identification:_identify(src) by extension 'ros'
[11.641s] Level 1:colcon.colcon_core.package_identification:_identify(src) by extensions ['cmake', 'python']
[11.641s] Level 1:colcon.colcon_core.package_identification:_identify(src) by extension 'cmake'
[11.641s] Level 1:colcon.colcon_core.package_identification:_identify(src) by extension 'python'
[11.641s] Level 1:colcon.colcon_core.package_identification:_identify(src) by extensions ['python_setup_py']
[11.641s] Level 1:colcon.colcon_core.package_identification:_identify(src) by extension 'python_setup_py'
[11.641s] Level 1:colcon.colcon_core.package_identification:_identify(src/simu) by extensions ['ignore', 'ignore_ament_install']
[11.641s] Level 1:colcon.colcon_core.package_identification:_identify(src/simu) by extension 'ignore'
[11.641s] Level 1:colcon.colcon_core.package_identification:_identify(src/simu) by extension 'ignore_ament_install'
[11.641s] Level 1:colcon.colcon_core.package_identification:_identify(src/simu) by extensions ['colcon_pkg']
[11.641s] Level 1:colcon.colcon_core.package_identification:_identify(src/simu) by extension 'colcon_pkg'
[11.642s] Level 1:colcon.colcon_core.package_identification:_identify(src/simu) by extensions ['colcon_meta']
[11.642s] Level 1:colcon.colcon_core.package_identification:_identify(src/simu) by extension 'colcon_meta'
[11.642s] Level 1:colcon.colcon_core.package_identification:_identify(src/simu) by extensions ['ros']
[11.642s] Level 1:colcon.colcon_core.package_identification:_identify(src/simu) by extension 'ros'
[11.674s] DEBUG:colcon.colcon_core.package_identification:Package 'src/simu' with type 'ros.ament_python' and name 'simu'
[11.674s] Level 1:colcon.colcon_core.package_discovery:discover_packages(recursive) using defaults
[11.674s] Level 1:colcon.colcon_core.package_discovery:discover_packages(ignore) discover
[11.674s] Level 1:colcon.colcon_core.package_discovery:discover_packages(ignore) using defaults
[11.674s] Level 1:colcon.colcon_core.package_discovery:discover_packages(path) discover
[11.674s] Level 1:colcon.colcon_core.package_discovery:discover_packages(path) using defaults
[11.939s] Level 1:colcon.colcon_core.package_discovery:discover_packages(prefix_path) check parameters
[11.939s] Level 1:colcon.colcon_core.package_discovery:discover_packages(prefix_path) discover
[11.986s] DEBUG:colcon.colcon_installed_package_information.package_discovery:Found 1 installed packages in /home/vzeferino/ros2/install
[12.015s] DEBUG:colcon.colcon_installed_package_information.package_discovery:Found 381 installed packages in /opt/ros/humble
[12.033s] Level 1:colcon.colcon_core.package_discovery:discover_packages(prefix_path) using defaults
[12.824s] Level 5:colcon.colcon_core.verb:set package 'simu' build argument 'cmake_args' from command line to 'None'
[12.824s] Level 5:colcon.colcon_core.verb:set package 'simu' build argument 'cmake_target' from command line to 'None'
[12.825s] Level 5:colcon.colcon_core.verb:set package 'simu' build argument 'cmake_target_skip_unavailable' from command line to 'False'
[12.825s] Level 5:colcon.colcon_core.verb:set package 'simu' build argument 'cmake_clean_cache' from command line to 'False'
[12.825s] Level 5:colcon.colcon_core.verb:set package 'simu' build argument 'cmake_clean_first' from command line to 'False'
[12.825s] Level 5:colcon.colcon_core.verb:set package 'simu' build argument 'cmake_force_configure' from command line to 'False'
[12.825s] Level 5:colcon.colcon_core.verb:set package 'simu' build argument 'ament_cmake_args' from command line to 'None'
[12.825s] Level 5:colcon.colcon_core.verb:set package 'simu' build argument 'catkin_cmake_args' from command line to 'None'
[12.825s] Level 5:colcon.colcon_core.verb:set package 'simu' build argument 'catkin_skip_building_tests' from command line to 'False'
[12.825s] DEBUG:colcon.colcon_core.verb:Building package 'simu' with the following arguments: {'ament_cmake_args': None, 'build_base': '/home/vzeferino/ros2/build/simu', 'catkin_cmake_args': None, 'catkin_skip_building_tests': False, 'cmake_args': None, 'cmake_clean_cache': False, 'cmake_clean_first': False, 'cmake_force_configure': False, 'cmake_target': None, 'cmake_target_skip_unavailable': False, 'install_base': '/home/vzeferino/ros2/install/simu', 'merge_install': False, 'path': '/home/vzeferino/ros2/src/simu', 'symlink_install': False, 'test_result_base': None}
[12.827s] INFO:colcon.colcon_core.executor:Executing jobs using 'parallel' executor
[12.861s] DEBUG:colcon.colcon_parallel_executor.executor.parallel:run_until_complete
[12.862s] INFO:colcon.colcon_ros.task.ament_python.build:Building ROS package in '/home/vzeferino/ros2/src/simu' with build type 'ament_python'
[12.862s] Level 1:colcon.colcon_core.shell:create_environment_hook('simu', 'ament_prefix_path')
[12.896s] INFO:colcon.colcon_core.plugin_system:Skipping extension 'colcon_core.shell.bat': Not used on non-Windows systems
[12.897s] INFO:colcon.colcon_core.shell:Creating environment hook '/home/vzeferino/ros2/install/simu/share/simu/hook/ament_prefix_path.ps1'
[12.906s] INFO:colcon.colcon_core.shell:Creating environment descriptor '/home/vzeferino/ros2/install/simu/share/simu/hook/ament_prefix_path.dsv'
[12.906s] INFO:colcon.colcon_core.shell:Creating environment hook '/home/vzeferino/ros2/install/simu/share/simu/hook/ament_prefix_path.sh'
[12.939s] INFO:colcon.colcon_core.shell:Skip shell extension 'powershell' for command environment: Not usable outside of PowerShell
[12.939s] DEBUG:colcon.colcon_core.shell:Skip shell extension 'dsv' for command environment
[16.153s] INFO:colcon.colcon_core.task.python.build:Building Python package in '/home/vzeferino/ros2/src/simu'
[16.165s] INFO:colcon.colcon_core.shell:Skip shell extension 'powershell' for command environment: Not usable outside of PowerShell
[16.166s] DEBUG:colcon.colcon_core.shell:Skip shell extension 'dsv' for command environment
[19.996s] DEBUG:colcon.colcon_core.event_handler.log_command:Invoking command in '/home/vzeferino/ros2/src/simu': PYTHONPATH=/home/vzeferino/ros2/build/simu/prefix_override:/home/vzeferino/ros2/install/simu/lib/python3.10/site-packages:${PYTHONPATH} /usr/bin/python3 setup.py egg_info --egg-base ../../build/simu build --build-base /home/vzeferino/ros2/build/simu/build install --record /home/vzeferino/ros2/build/simu/install.log --single-version-externally-managed
[22.971s] DEBUG:colcon.colcon_core.event_handler.log_command:Invoked command in '/home/vzeferino/ros2/src/simu' returned '0': PYTHONPATH=/home/vzeferino/ros2/build/simu/prefix_override:/home/vzeferino/ros2/install/simu/lib/python3.10/site-packages:${PYTHONPATH} /usr/bin/python3 setup.py egg_info --egg-base ../../build/simu build --build-base /home/vzeferino/ros2/build/simu/build install --record /home/vzeferino/ros2/build/simu/install.log --single-version-externally-managed
[23.020s] Level 1:colcon.colcon_core.environment:checking '/home/vzeferino/ros2/install/simu' for CMake module files
[23.021s] Level 1:colcon.colcon_core.environment:checking '/home/vzeferino/ros2/install/simu' for CMake config files
[23.074s] Level 1:colcon.colcon_core.environment:checking '/home/vzeferino/ros2/install/simu/lib'
[23.074s] Level 1:colcon.colcon_core.environment:checking '/home/vzeferino/ros2/install/simu/bin'
[23.074s] Level 1:colcon.colcon_core.environment:checking '/home/vzeferino/ros2/install/simu/lib/pkgconfig/simu.pc'
[23.075s] Level 1:colcon.colcon_core.environment:checking '/home/vzeferino/ros2/install/simu/lib/python3.10/site-packages'
[23.075s] Level 1:colcon.colcon_core.shell:create_environment_hook('simu', 'pythonpath')
[23.078s] INFO:colcon.colcon_core.shell:Creating environment hook '/home/vzeferino/ros2/install/simu/share/simu/hook/pythonpath.ps1'
[23.079s] INFO:colcon.colcon_core.shell:Creating environment descriptor '/home/vzeferino/ros2/install/simu/share/simu/hook/pythonpath.dsv'
[23.080s] INFO:colcon.colcon_core.shell:Creating environment hook '/home/vzeferino/ros2/install/simu/share/simu/hook/pythonpath.sh'
[23.081s] Level 1:colcon.colcon_core.environment:checking '/home/vzeferino/ros2/install/simu/bin'
[23.081s] Level 1:colcon.colcon_core.environment:create_environment_scripts_only(simu)
[23.101s] INFO:colcon.colcon_core.shell:Creating package script '/home/vzeferino/ros2/install/simu/share/simu/package.ps1'
[23.103s] INFO:colcon.colcon_core.shell:Creating package descriptor '/home/vzeferino/ros2/install/simu/share/simu/package.dsv'
[23.144s] INFO:colcon.colcon_core.shell:Creating package script '/home/vzeferino/ros2/install/simu/share/simu/package.sh'
[23.159s] INFO:colcon.colcon_core.shell:Creating package script '/home/vzeferino/ros2/install/simu/share/simu/package.bash'
[23.161s] INFO:colcon.colcon_core.shell:Creating package script '/home/vzeferino/ros2/install/simu/share/simu/package.zsh'
[23.174s] Level 1:colcon.colcon_core.environment:create_file_with_runtime_dependencies(/home/vzeferino/ros2/install/simu/share/colcon-core/packages/simu)
[23.175s] DEBUG:colcon.colcon_parallel_executor.executor.parallel:closing loop
[23.175s] DEBUG:colcon.colcon_parallel_executor.executor.parallel:loop closed
[23.175s] DEBUG:colcon.colcon_parallel_executor.executor.parallel:run_until_complete finished with '0'
[23.175s] DEBUG:colcon.colcon_core.event_reactor:joining thread
[24.857s] INFO:colcon.colcon_core.plugin_system:Skipping extension 'colcon_notification.desktop_notification.notify_send': Could not find 'notify-send'
[24.857s] INFO:colcon.colcon_core.plugin_system:Skipping extension 'colcon_notification.desktop_notification.terminal_notifier': Not used on non-Darwin systems
[24.857s] INFO:colcon.colcon_core.plugin_system:Skipping extension 'colcon_notification.desktop_notification.win32': Not used on non-Windows systems
[24.857s] INFO:colcon.colcon_notification.desktop_notification:Sending desktop notification using 'notify2'
[25.063s] DEBUG:colcon.colcon_notification.desktop_notification.notify2:Failed to initialize notify2: org.freedesktop.DBus.Error.ServiceUnknown: The name org.freedesktop.Notifications was not provided by any .service files
[25.063s] DEBUG:colcon.colcon_core.event_reactor:joined thread
[25.079s] INFO:colcon.colcon_core.shell:Creating prefix script '/home/vzeferino/ros2/install/local_setup.ps1'
[25.109s] INFO:colcon.colcon_core.shell:Creating prefix util module '/home/vzeferino/ros2/install/_local_setup_util_ps1.py'
[25.126s] INFO:colcon.colcon_core.shell:Creating prefix chain script '/home/vzeferino/ros2/install/setup.ps1'
[25.141s] INFO:colcon.colcon_core.shell:Creating prefix script '/home/vzeferino/ros2/install/local_setup.sh'
[25.142s] INFO:colcon.colcon_core.shell:Creating prefix util module '/home/vzeferino/ros2/install/_local_setup_util_sh.py'
[25.156s] INFO:colcon.colcon_core.shell:Creating prefix chain script '/home/vzeferino/ros2/install/setup.sh'
[25.161s] INFO:colcon.colcon_core.shell:Creating prefix script '/home/vzeferino/ros2/install/local_setup.bash'
[25.171s] INFO:colcon.colcon_core.shell:Creating prefix chain script '/home/vzeferino/ros2/install/setup.bash'
[25.174s] INFO:colcon.colcon_core.shell:Creating prefix script '/home/vzeferino/ros2/install/local_setup.zsh'
[25.175s] INFO:colcon.colcon_core.shell:Creating prefix chain script '/home/vzeferino/ros2/install/setup.zsh'
