[7.327s] Invoking command in '/home/vzeferino/ros2/src/simu': PYTHONPATH=/home/vzeferino/ros2/build/simu/prefix_override:/home/vzeferino/ros2/install/simu/lib/python3.10/site-packages:${PYTHONPATH} /usr/bin/python3 setup.py egg_info --egg-base ../../build/simu build --build-base /home/vzeferino/ros2/build/simu/build install --record /home/vzeferino/ros2/build/simu/install.log --single-version-externally-managed
[9.803s] running egg_info
[9.803s] writing ../../build/simu/simu.egg-info/PKG-INFO
[9.804s] writing dependency_links to ../../build/simu/simu.egg-info/dependency_links.txt
[9.835s] writing entry points to ../../build/simu/simu.egg-info/entry_points.txt
[9.835s] writing requirements to ../../build/simu/simu.egg-info/requires.txt
[9.835s] writing top-level names to ../../build/simu/simu.egg-info/top_level.txt
[9.851s] reading manifest file '../../build/simu/simu.egg-info/SOURCES.txt'
[9.867s] writing manifest file '../../build/simu/simu.egg-info/SOURCES.txt'
[9.867s] running build
[9.868s] running build_py
[9.868s] copying simu/__init__.py -> /home/vzeferino/ros2/build/simu/build/lib/simu
[9.868s] running install
[9.883s] running install_lib
[9.883s] copying /home/vzeferino/ros2/build/simu/build/lib/simu/__init__.py -> /home/vzeferino/ros2/install/simu/lib/python3.10/site-packages/simu
[9.883s] byte-compiling /home/vzeferino/ros2/install/simu/lib/python3.10/site-packages/simu/__init__.py to __init__.cpython-310.pyc
[9.899s] running install_data
[9.905s] running install_egg_info
[9.979s] removing '/home/vzeferino/ros2/install/simu/lib/python3.10/site-packages/simu-0.0.0-py3.10.egg-info' (and everything under it)
[10.013s] Copying ../../build/simu/simu.egg-info to /home/vzeferino/ros2/install/simu/lib/python3.10/site-packages/simu-0.0.0-py3.10.egg-info
[10.028s] running install_scripts
[10.178s] Installing run script to /home/vzeferino/ros2/install/simu/lib/simu
[10.194s] writing list of installed files to '/home/vzeferino/ros2/build/simu/install.log'
[10.472s] Invoked command in '/home/vzeferino/ros2/src/simu' returned '0': PYTHONPATH=/home/vzeferino/ros2/build/simu/prefix_override:/home/vzeferino/ros2/install/simu/lib/python3.10/site-packages:${PYTHONPATH} /usr/bin/python3 setup.py egg_info --egg-base ../../build/simu build --build-base /home/vzeferino/ros2/build/simu/build install --record /home/vzeferino/ros2/build/simu/install.log --single-version-externally-managed
