[4.550s] Invoking command in '/home/vzeferino/ros2/src/simu': PYTHONPATH=/home/vzeferino/ros2/src/build/simu/prefix_override:/home/vzeferino/ros2/src/install/simu/lib/python3.10/site-packages:${PYTHONPATH} /usr/bin/python3 setup.py egg_info --egg-base ../build/simu build --build-base /home/vzeferino/ros2/src/build/simu/build install --record /home/vzeferino/ros2/src/build/simu/install.log --single-version-externally-managed
[6.033s] running egg_info
[6.036s] writing ../build/simu/simu.egg-info/PKG-INFO
[6.057s] writing dependency_links to ../build/simu/simu.egg-info/dependency_links.txt
[6.064s] writing entry points to ../build/simu/simu.egg-info/entry_points.txt
[6.065s] writing requirements to ../build/simu/simu.egg-info/requires.txt
[6.066s] writing top-level names to ../build/simu/simu.egg-info/top_level.txt
[6.066s] reading manifest file '../build/simu/simu.egg-info/SOURCES.txt'
[6.069s] writing manifest file '../build/simu/simu.egg-info/SOURCES.txt'
[6.070s] running build
[6.072s] running build_py
[6.074s] copying simu/__init__.py -> /home/vzeferino/ros2/src/build/simu/build/lib/simu
[6.074s] running install
[6.075s] running install_lib
[6.081s] copying /home/vzeferino/ros2/src/build/simu/build/lib/simu/__init__.py -> /home/vzeferino/ros2/src/install/simu/lib/python3.10/site-packages/simu
[6.092s] byte-compiling /home/vzeferino/ros2/src/install/simu/lib/python3.10/site-packages/simu/__init__.py to __init__.cpython-310.pyc
[6.106s] running install_data
[6.108s] running install_egg_info
[6.123s] removing '/home/vzeferino/ros2/src/install/simu/lib/python3.10/site-packages/simu-0.0.0-py3.10.egg-info' (and everything under it)
[6.134s] Copying ../build/simu/simu.egg-info to /home/vzeferino/ros2/src/install/simu/lib/python3.10/site-packages/simu-0.0.0-py3.10.egg-info
[6.148s] running install_scripts
[6.245s] Installing run script to /home/vzeferino/ros2/src/install/simu/lib/simu
[6.247s] writing list of installed files to '/home/vzeferino/ros2/src/build/simu/install.log'
[6.437s] Invoked command in '/home/vzeferino/ros2/src/simu' returned '0': PYTHONPATH=/home/vzeferino/ros2/src/build/simu/prefix_override:/home/vzeferino/ros2/src/install/simu/lib/python3.10/site-packages:${PYTHONPATH} /usr/bin/python3 setup.py egg_info --egg-base ../build/simu build --build-base /home/vzeferino/ros2/src/build/simu/build install --record /home/vzeferino/ros2/src/build/simu/install.log --single-version-externally-managed
