[7.908s] Invoking command in '/home/vzeferino/ros2/src/simu': PYTHONPATH=/home/vzeferino/ros2/build/simu/prefix_override:/home/vzeferino/ros2/install/simu/lib/python3.10/site-packages:${PYTHONPATH} /usr/bin/python3 setup.py egg_info --egg-base ../../build/simu build --build-base /home/vzeferino/ros2/build/simu/build install --record /home/vzeferino/ros2/build/simu/install.log --single-version-externally-managed
[9.097s] running egg_info
[9.097s] writing ../../build/simu/simu.egg-info/PKG-INFO
[9.097s] writing dependency_links to ../../build/simu/simu.egg-info/dependency_links.txt
[9.097s] writing entry points to ../../build/simu/simu.egg-info/entry_points.txt
[9.098s] writing requirements to ../../build/simu/simu.egg-info/requires.txt
[9.098s] writing top-level names to ../../build/simu/simu.egg-info/top_level.txt
[9.109s] reading manifest file '../../build/simu/simu.egg-info/SOURCES.txt'
[9.111s] writing manifest file '../../build/simu/simu.egg-info/SOURCES.txt'
[9.112s] running build
[9.113s] running build_py
[9.141s] running install
[9.142s] running install_lib
[9.142s] running install_data
[9.142s] running install_egg_info
[9.145s] removing '/home/vzeferino/ros2/install/simu/lib/python3.10/site-packages/simu-0.0.0-py3.10.egg-info' (and everything under it)
[9.177s] Copying ../../build/simu/simu.egg-info to /home/vzeferino/ros2/install/simu/lib/python3.10/site-packages/simu-0.0.0-py3.10.egg-info
[9.177s] running install_scripts
[9.219s] Installing hi script to /home/vzeferino/ros2/install/simu/lib/simu
[9.220s] writing list of installed files to '/home/vzeferino/ros2/build/simu/install.log'
[9.299s] Invoked command in '/home/vzeferino/ros2/src/simu' returned '0': PYTHONPATH=/home/vzeferino/ros2/build/simu/prefix_override:/home/vzeferino/ros2/install/simu/lib/python3.10/site-packages:${PYTHONPATH} /usr/bin/python3 setup.py egg_info --egg-base ../../build/simu build --build-base /home/vzeferino/ros2/build/simu/build install --record /home/vzeferino/ros2/build/simu/install.log --single-version-externally-managed
