[1.773s] DEBUG:colcon:Command line arguments: ['/usr/bin/colcon', 'build', '--packages-select', 'simu']
[1.774s] DEBUG:colcon:Parsed command line arguments: Namespace(log_base=None, log_level=None, verb_name='build', build_base='build', install_base='install', merge_install=False, symlink_install=False, test_result_base=None, continue_on_error=False, executor='parallel', parallel_workers=2, event_handlers=None, ignore_user_meta=False, metas=['./colcon.meta'], base_paths=['.'], packages_ignore=None, packages_ignore_regex=None, paths=None, packages_up_to=None, packages_up_to_regex=None, packages_above=None, packages_above_and_dependencies=None, packages_above_depth=None, packages_select_by_dep=None, packages_skip_by_dep=None, packages_skip_up_to=None, packages_select_build_failed=False, packages_skip_build_finished=False, packages_select_test_failures=False, packages_skip_test_passed=False, packages_select=['simu'], packages_skip=None, packages_select_regex=None, packages_skip_regex=None, packages_start=None, packages_end=None, allow_overriding=[], cmake_args=None, cmake_target=None, cmake_target_skip_unavailable=False, cmake_clean_cache=False, cmake_clean_first=False, cmake_force_configure=False, ament_cmake_args=None, catkin_cmake_args=None, catkin_skip_building_tests=False, verb_parser=<colcon_defaults.argument_parser.defaults.DefaultArgumentsDecorator object at 0x7f1aab057fa0>, verb_extension=<colcon_core.verb.build.BuildVerb object at 0x7f1aab057a30>, main=<bound method BuildVerb.main of <colcon_core.verb.build.BuildVerb object at 0x7f1aab057a30>>)
[1.863s] Level 1:colcon.colcon_core.package_discovery:discover_packages(colcon_meta) check parameters
[1.863s] Level 1:colcon.colcon_core.package_discovery:discover_packages(recursive) check parameters
[1.863s] Level 1:colcon.colcon_core.package_discovery:discover_packages(ignore) check parameters
[1.863s] Level 1:colcon.colcon_core.package_discovery:discover_packages(path) check parameters
[1.863s] Level 1:colcon.colcon_core.package_discovery:discover_packages(colcon_meta) discover
[1.863s] Level 1:colcon.colcon_core.package_discovery:discover_packages(recursive) discover
[1.863s] INFO:colcon.colcon_core.package_discovery:Crawling recursively for packages in '/home/vzeferino/ros2'
[1.863s] Level 1:colcon.colcon_core.package_identification:_identify(.) by extensions ['ignore', 'ignore_ament_install']
[1.864s] Level 1:colcon.colcon_core.package_identification:_identify(.) by extension 'ignore'
[1.864s] Level 1:colcon.colcon_core.package_identification:_identify(.) by extension 'ignore_ament_install'
[1.864s] Level 1:colcon.colcon_core.package_identification:_identify(.) by extensions ['colcon_pkg']
[1.864s] Level 1:colcon.colcon_core.package_identification:_identify(.) by extension 'colcon_pkg'
[1.864s] Level 1:colcon.colcon_core.package_identification:_identify(.) by extensions ['colcon_meta']
[1.864s] Level 1:colcon.colcon_core.package_identification:_identify(.) by extension 'colcon_meta'
[1.864s] Level 1:colcon.colcon_core.package_identification:_identify(.) by extensions ['ros']
[1.864s] Level 1:colcon.colcon_core.package_identification:_identify(.) by extension 'ros'
[1.914s] Level 1:colcon.colcon_core.package_identification:_identify(.) by extensions ['cmake', 'python']
[1.924s] Level 1:colcon.colcon_core.package_identification:_identify(.) by extension 'cmake'
[1.924s] Level 1:colcon.colcon_core.package_identification:_identify(.) by extension 'python'
[1.924s] Level 1:colcon.colcon_core.package_identification:_identify(.) by extensions ['python_setup_py']
[1.924s] Level 1:colcon.colcon_core.package_identification:_identify(.) by extension 'python_setup_py'
[1.925s] Level 1:colcon.colcon_core.package_identification:_identify(build) by extensions ['ignore', 'ignore_ament_install']
[1.925s] Level 1:colcon.colcon_core.package_identification:_identify(build) by extension 'ignore'
[1.925s] Level 1:colcon.colcon_core.package_identification:_identify(build) ignored
[1.925s] Level 1:colcon.colcon_core.package_identification:_identify(install) by extensions ['ignore', 'ignore_ament_install']
[1.925s] Level 1:colcon.colcon_core.package_identification:_identify(install) by extension 'ignore'
[1.925s] Level 1:colcon.colcon_core.package_identification:_identify(install) ignored
[1.926s] Level 1:colcon.colcon_core.package_identification:_identify(log) by extensions ['ignore', 'ignore_ament_install']
[1.926s] Level 1:colcon.colcon_core.package_identification:_identify(log) by extension 'ignore'
[1.926s] Level 1:colcon.colcon_core.package_identification:_identify(log) ignored
[1.926s] Level 1:colcon.colcon_core.package_identification:_identify(src) by extensions ['ignore', 'ignore_ament_install']
[1.926s] Level 1:colcon.colcon_core.package_identification:_identify(src) by extension 'ignore'
[1.926s] Level 1:colcon.colcon_core.package_identification:_identify(src) by extension 'ignore_ament_install'
[1.926s] Level 1:colcon.colcon_core.package_identification:_identify(src) by extensions ['colcon_pkg']
[1.926s] Level 1:colcon.colcon_core.package_identification:_identify(src) by extension 'colcon_pkg'
[1.927s] Level 1:colcon.colcon_core.package_identification:_identify(src) by extensions ['colcon_meta']
[1.927s] Level 1:colcon.colcon_core.package_identification:_identify(src) by extension 'colcon_meta'
[1.927s] Level 1:colcon.colcon_core.package_identification:_identify(src) by extensions ['ros']
[1.927s] Level 1:colcon.colcon_core.package_identification:_identify(src) by extension 'ros'
[1.927s] Level 1:colcon.colcon_core.package_identification:_identify(src) by extensions ['cmake', 'python']
[1.927s] Level 1:colcon.colcon_core.package_identification:_identify(src) by extension 'cmake'
[1.927s] Level 1:colcon.colcon_core.package_identification:_identify(src) by extension 'python'
[1.927s] Level 1:colcon.colcon_core.package_identification:_identify(src) by extensions ['python_setup_py']
[1.927s] Level 1:colcon.colcon_core.package_identification:_identify(src) by extension 'python_setup_py'
[1.927s] Level 1:colcon.colcon_core.package_identification:_identify(src/simu) by extensions ['ignore', 'ignore_ament_install']
[1.928s] Level 1:colcon.colcon_core.package_identification:_identify(src/simu) by extension 'ignore'
[1.928s] Level 1:colcon.colcon_core.package_identification:_identify(src/simu) by extension 'ignore_ament_install'
[1.928s] Level 1:colcon.colcon_core.package_identification:_identify(src/simu) by extensions ['colcon_pkg']
[1.928s] Level 1:colcon.colcon_core.package_identification:_identify(src/simu) by extension 'colcon_pkg'
[1.928s] Level 1:colcon.colcon_core.package_identification:_identify(src/simu) by extensions ['colcon_meta']
[1.928s] Level 1:colcon.colcon_core.package_identification:_identify(src/simu) by extension 'colcon_meta'
[1.928s] Level 1:colcon.colcon_core.package_identification:_identify(src/simu) by extensions ['ros']
[1.928s] Level 1:colcon.colcon_core.package_identification:_identify(src/simu) by extension 'ros'
[1.945s] DEBUG:colcon.colcon_core.package_identification:Package 'src/simu' with type 'ros.ament_python' and name 'simu'
[1.945s] Level 1:colcon.colcon_core.package_discovery:discover_packages(recursive) using defaults
[1.945s] Level 1:colcon.colcon_core.package_discovery:discover_packages(ignore) discover
[1.945s] Level 1:colcon.colcon_core.package_discovery:discover_packages(ignore) using defaults
[1.946s] Level 1:colcon.colcon_core.package_discovery:discover_packages(path) discover
[1.946s] Level 1:colcon.colcon_core.package_discovery:discover_packages(path) using defaults
[2.058s] Level 1:colcon.colcon_core.package_discovery:discover_packages(prefix_path) check parameters
[2.058s] Level 1:colcon.colcon_core.package_discovery:discover_packages(prefix_path) discover
[2.066s] DEBUG:colcon.colcon_installed_package_information.package_discovery:Found 1 installed packages in /home/vzeferino/ros2/install
[2.072s] DEBUG:colcon.colcon_installed_package_information.package_discovery:Found 381 installed packages in /opt/ros/humble
[2.078s] Level 1:colcon.colcon_core.package_discovery:discover_packages(prefix_path) using defaults
[2.774s] Level 5:colcon.colcon_core.verb:set package 'simu' build argument 'cmake_args' from command line to 'None'
[2.775s] Level 5:colcon.colcon_core.verb:set package 'simu' build argument 'cmake_target' from command line to 'None'
[2.775s] Level 5:colcon.colcon_core.verb:set package 'simu' build argument 'cmake_target_skip_unavailable' from command line to 'False'
[2.775s] Level 5:colcon.colcon_core.verb:set package 'simu' build argument 'cmake_clean_cache' from command line to 'False'
[2.775s] Level 5:colcon.colcon_core.verb:set package 'simu' build argument 'cmake_clean_first' from command line to 'False'
[2.775s] Level 5:colcon.colcon_core.verb:set package 'simu' build argument 'cmake_force_configure' from command line to 'False'
[2.775s] Level 5:colcon.colcon_core.verb:set package 'simu' build argument 'ament_cmake_args' from command line to 'None'
[2.775s] Level 5:colcon.colcon_core.verb:set package 'simu' build argument 'catkin_cmake_args' from command line to 'None'
[2.775s] Level 5:colcon.colcon_core.verb:set package 'simu' build argument 'catkin_skip_building_tests' from command line to 'False'
[2.775s] DEBUG:colcon.colcon_core.verb:Building package 'simu' with the following arguments: {'ament_cmake_args': None, 'build_base': '/home/vzeferino/ros2/build/simu', 'catkin_cmake_args': None, 'catkin_skip_building_tests': False, 'cmake_args': None, 'cmake_clean_cache': False, 'cmake_clean_first': False, 'cmake_force_configure': False, 'cmake_target': None, 'cmake_target_skip_unavailable': False, 'install_base': '/home/vzeferino/ros2/install/simu', 'merge_install': False, 'path': '/home/vzeferino/ros2/src/simu', 'symlink_install': False, 'test_result_base': None}
[2.804s] INFO:colcon.colcon_core.executor:Executing jobs using 'parallel' executor
[2.867s] DEBUG:colcon.colcon_parallel_executor.executor.parallel:run_until_complete
[2.868s] INFO:colcon.colcon_ros.task.ament_python.build:Building ROS package in '/home/vzeferino/ros2/src/simu' with build type 'ament_python'
[2.868s] Level 1:colcon.colcon_core.shell:create_environment_hook('simu', 'ament_prefix_path')
[2.919s] INFO:colcon.colcon_core.plugin_system:Skipping extension 'colcon_core.shell.bat': Not used on non-Windows systems
[2.919s] INFO:colcon.colcon_core.shell:Creating environment hook '/home/vzeferino/ros2/install/simu/share/simu/hook/ament_prefix_path.ps1'
[2.921s] INFO:colcon.colcon_core.shell:Creating environment descriptor '/home/vzeferino/ros2/install/simu/share/simu/hook/ament_prefix_path.dsv'
[2.951s] INFO:colcon.colcon_core.shell:Creating environment hook '/home/vzeferino/ros2/install/simu/share/simu/hook/ament_prefix_path.sh'
[2.983s] INFO:colcon.colcon_core.shell:Skip shell extension 'powershell' for command environment: Not usable outside of PowerShell
[2.983s] DEBUG:colcon.colcon_core.shell:Skip shell extension 'dsv' for command environment
[6.881s] INFO:colcon.colcon_core.task.python.build:Building Python package in '/home/vzeferino/ros2/src/simu'
[6.906s] INFO:colcon.colcon_core.shell:Skip shell extension 'powershell' for command environment: Not usable outside of PowerShell
[6.906s] DEBUG:colcon.colcon_core.shell:Skip shell extension 'dsv' for command environment
[10.785s] DEBUG:colcon.colcon_core.event_handler.log_command:Invoking command in '/home/vzeferino/ros2/src/simu': PYTHONPATH=/home/vzeferino/ros2/build/simu/prefix_override:/home/vzeferino/ros2/install/simu/lib/python3.10/site-packages:${PYTHONPATH} /usr/bin/python3 setup.py egg_info --egg-base ../../build/simu build --build-base /home/vzeferino/ros2/build/simu/build install --record /home/vzeferino/ros2/build/simu/install.log --single-version-externally-managed
[12.177s] DEBUG:colcon.colcon_core.event_handler.log_command:Invoked command in '/home/vzeferino/ros2/src/simu' returned '0': PYTHONPATH=/home/vzeferino/ros2/build/simu/prefix_override:/home/vzeferino/ros2/install/simu/lib/python3.10/site-packages:${PYTHONPATH} /usr/bin/python3 setup.py egg_info --egg-base ../../build/simu build --build-base /home/vzeferino/ros2/build/simu/build install --record /home/vzeferino/ros2/build/simu/install.log --single-version-externally-managed
[12.219s] Level 1:colcon.colcon_core.environment:checking '/home/vzeferino/ros2/install/simu' for CMake module files
[12.220s] Level 1:colcon.colcon_core.environment:checking '/home/vzeferino/ros2/install/simu' for CMake config files
[12.224s] Level 1:colcon.colcon_core.environment:checking '/home/vzeferino/ros2/install/simu/lib'
[12.224s] Level 1:colcon.colcon_core.environment:checking '/home/vzeferino/ros2/install/simu/bin'
[12.224s] Level 1:colcon.colcon_core.environment:checking '/home/vzeferino/ros2/install/simu/lib/pkgconfig/simu.pc'
[12.225s] Level 1:colcon.colcon_core.environment:checking '/home/vzeferino/ros2/install/simu/lib/python3.10/site-packages'
[12.225s] Level 1:colcon.colcon_core.shell:create_environment_hook('simu', 'pythonpath')
[12.228s] INFO:colcon.colcon_core.shell:Creating environment hook '/home/vzeferino/ros2/install/simu/share/simu/hook/pythonpath.ps1'
[12.229s] INFO:colcon.colcon_core.shell:Creating environment descriptor '/home/vzeferino/ros2/install/simu/share/simu/hook/pythonpath.dsv'
[12.229s] INFO:colcon.colcon_core.shell:Creating environment hook '/home/vzeferino/ros2/install/simu/share/simu/hook/pythonpath.sh'
[12.230s] Level 1:colcon.colcon_core.environment:checking '/home/vzeferino/ros2/install/simu/bin'
[12.230s] Level 1:colcon.colcon_core.environment:create_environment_scripts_only(simu)
[12.239s] INFO:colcon.colcon_core.shell:Creating package script '/home/vzeferino/ros2/install/simu/share/simu/package.ps1'
[12.244s] INFO:colcon.colcon_core.shell:Creating package descriptor '/home/vzeferino/ros2/install/simu/share/simu/package.dsv'
[12.245s] INFO:colcon.colcon_core.shell:Creating package script '/home/vzeferino/ros2/install/simu/share/simu/package.sh'
[12.247s] INFO:colcon.colcon_core.shell:Creating package script '/home/vzeferino/ros2/install/simu/share/simu/package.bash'
[12.248s] INFO:colcon.colcon_core.shell:Creating package script '/home/vzeferino/ros2/install/simu/share/simu/package.zsh'
[12.250s] Level 1:colcon.colcon_core.environment:create_file_with_runtime_dependencies(/home/vzeferino/ros2/install/simu/share/colcon-core/packages/simu)
[12.275s] DEBUG:colcon.colcon_parallel_executor.executor.parallel:closing loop
[12.275s] DEBUG:colcon.colcon_parallel_executor.executor.parallel:loop closed
[12.275s] DEBUG:colcon.colcon_parallel_executor.executor.parallel:run_until_complete finished with '0'
[12.275s] DEBUG:colcon.colcon_core.event_reactor:joining thread
[12.526s] INFO:colcon.colcon_core.plugin_system:Skipping extension 'colcon_notification.desktop_notification.notify_send': Could not find 'notify-send'
[12.527s] INFO:colcon.colcon_core.plugin_system:Skipping extension 'colcon_notification.desktop_notification.terminal_notifier': Not used on non-Darwin systems
[12.527s] INFO:colcon.colcon_core.plugin_system:Skipping extension 'colcon_notification.desktop_notification.win32': Not used on non-Windows systems
[12.527s] INFO:colcon.colcon_notification.desktop_notification:Sending desktop notification using 'notify2'
[12.555s] DEBUG:colcon.colcon_notification.desktop_notification.notify2:Failed to initialize notify2: org.freedesktop.DBus.Error.ServiceUnknown: The name org.freedesktop.Notifications was not provided by any .service files
[12.555s] DEBUG:colcon.colcon_core.event_reactor:joined thread
[12.559s] INFO:colcon.colcon_core.shell:Creating prefix script '/home/vzeferino/ros2/install/local_setup.ps1'
[12.561s] INFO:colcon.colcon_core.shell:Creating prefix util module '/home/vzeferino/ros2/install/_local_setup_util_ps1.py'
[12.566s] INFO:colcon.colcon_core.shell:Creating prefix chain script '/home/vzeferino/ros2/install/setup.ps1'
[12.569s] INFO:colcon.colcon_core.shell:Creating prefix script '/home/vzeferino/ros2/install/local_setup.sh'
[12.570s] INFO:colcon.colcon_core.shell:Creating prefix util module '/home/vzeferino/ros2/install/_local_setup_util_sh.py'
[12.571s] INFO:colcon.colcon_core.shell:Creating prefix chain script '/home/vzeferino/ros2/install/setup.sh'
[12.573s] INFO:colcon.colcon_core.shell:Creating prefix script '/home/vzeferino/ros2/install/local_setup.bash'
[12.573s] INFO:colcon.colcon_core.shell:Creating prefix chain script '/home/vzeferino/ros2/install/setup.bash'
[12.583s] INFO:colcon.colcon_core.shell:Creating prefix script '/home/vzeferino/ros2/install/local_setup.zsh'
[12.584s] INFO:colcon.colcon_core.shell:Creating prefix chain script '/home/vzeferino/ros2/install/setup.zsh'
