[3.256s] DEBUG:colcon:Command line arguments: ['/usr/bin/colcon', 'build', '--packages-select', 'simu']
[3.257s] DEBUG:colcon:Parsed command line arguments: Namespace(log_base=None, log_level=None, verb_name='build', build_base='build', install_base='install', merge_install=False, symlink_install=False, test_result_base=None, continue_on_error=False, executor='parallel', parallel_workers=2, event_handlers=None, ignore_user_meta=False, metas=['./colcon.meta'], base_paths=['.'], packages_ignore=None, packages_ignore_regex=None, paths=None, packages_up_to=None, packages_up_to_regex=None, packages_above=None, packages_above_and_dependencies=None, packages_above_depth=None, packages_select_by_dep=None, packages_skip_by_dep=None, packages_skip_up_to=None, packages_select_build_failed=False, packages_skip_build_finished=False, packages_select_test_failures=False, packages_skip_test_passed=False, packages_select=['simu'], packages_skip=None, packages_select_regex=None, packages_skip_regex=None, packages_start=None, packages_end=None, allow_overriding=[], cmake_args=None, cmake_target=None, cmake_target_skip_unavailable=False, cmake_clean_cache=False, cmake_clean_first=False, cmake_force_configure=False, ament_cmake_args=None, catkin_cmake_args=None, catkin_skip_building_tests=False, verb_parser=<colcon_defaults.argument_parser.defaults.DefaultArgumentsDecorator object at 0x7f2ce71ebf70>, verb_extension=<colcon_core.verb.build.BuildVerb object at 0x7f2ce71eba00>, main=<bound method BuildVerb.main of <colcon_core.verb.build.BuildVerb object at 0x7f2ce71eba00>>)
[3.358s] Level 1:colcon.colcon_core.package_discovery:discover_packages(colcon_meta) check parameters
[3.359s] Level 1:colcon.colcon_core.package_discovery:discover_packages(recursive) check parameters
[3.359s] Level 1:colcon.colcon_core.package_discovery:discover_packages(ignore) check parameters
[3.359s] Level 1:colcon.colcon_core.package_discovery:discover_packages(path) check parameters
[3.359s] Level 1:colcon.colcon_core.package_discovery:discover_packages(colcon_meta) discover
[3.359s] Level 1:colcon.colcon_core.package_discovery:discover_packages(recursive) discover
[3.359s] INFO:colcon.colcon_core.package_discovery:Crawling recursively for packages in '/home/vzeferino/ros2'
[3.359s] Level 1:colcon.colcon_core.package_identification:_identify(.) by extensions ['ignore', 'ignore_ament_install']
[3.359s] Level 1:colcon.colcon_core.package_identification:_identify(.) by extension 'ignore'
[3.360s] Level 1:colcon.colcon_core.package_identification:_identify(.) by extension 'ignore_ament_install'
[3.360s] Level 1:colcon.colcon_core.package_identification:_identify(.) by extensions ['colcon_pkg']
[3.360s] Level 1:colcon.colcon_core.package_identification:_identify(.) by extension 'colcon_pkg'
[3.360s] Level 1:colcon.colcon_core.package_identification:_identify(.) by extensions ['colcon_meta']
[3.360s] Level 1:colcon.colcon_core.package_identification:_identify(.) by extension 'colcon_meta'
[3.360s] Level 1:colcon.colcon_core.package_identification:_identify(.) by extensions ['ros']
[3.360s] Level 1:colcon.colcon_core.package_identification:_identify(.) by extension 'ros'
[3.447s] Level 1:colcon.colcon_core.package_identification:_identify(.) by extensions ['cmake', 'python']
[3.447s] Level 1:colcon.colcon_core.package_identification:_identify(.) by extension 'cmake'
[3.447s] Level 1:colcon.colcon_core.package_identification:_identify(.) by extension 'python'
[3.447s] Level 1:colcon.colcon_core.package_identification:_identify(.) by extensions ['python_setup_py']
[3.448s] Level 1:colcon.colcon_core.package_identification:_identify(.) by extension 'python_setup_py'
[3.448s] Level 1:colcon.colcon_core.package_identification:_identify(build) by extensions ['ignore', 'ignore_ament_install']
[3.448s] Level 1:colcon.colcon_core.package_identification:_identify(build) by extension 'ignore'
[3.448s] Level 1:colcon.colcon_core.package_identification:_identify(build) ignored
[3.448s] Level 1:colcon.colcon_core.package_identification:_identify(install) by extensions ['ignore', 'ignore_ament_install']
[3.448s] Level 1:colcon.colcon_core.package_identification:_identify(install) by extension 'ignore'
[3.449s] Level 1:colcon.colcon_core.package_identification:_identify(install) ignored
[3.449s] Level 1:colcon.colcon_core.package_identification:_identify(log) by extensions ['ignore', 'ignore_ament_install']
[3.449s] Level 1:colcon.colcon_core.package_identification:_identify(log) by extension 'ignore'
[3.449s] Level 1:colcon.colcon_core.package_identification:_identify(log) ignored
[3.449s] Level 1:colcon.colcon_core.package_identification:_identify(src) by extensions ['ignore', 'ignore_ament_install']
[3.449s] Level 1:colcon.colcon_core.package_identification:_identify(src) by extension 'ignore'
[3.453s] Level 1:colcon.colcon_core.package_identification:_identify(src) by extension 'ignore_ament_install'
[3.453s] Level 1:colcon.colcon_core.package_identification:_identify(src) by extensions ['colcon_pkg']
[3.453s] Level 1:colcon.colcon_core.package_identification:_identify(src) by extension 'colcon_pkg'
[3.453s] Level 1:colcon.colcon_core.package_identification:_identify(src) by extensions ['colcon_meta']
[3.453s] Level 1:colcon.colcon_core.package_identification:_identify(src) by extension 'colcon_meta'
[3.453s] Level 1:colcon.colcon_core.package_identification:_identify(src) by extensions ['ros']
[3.454s] Level 1:colcon.colcon_core.package_identification:_identify(src) by extension 'ros'
[3.454s] Level 1:colcon.colcon_core.package_identification:_identify(src) by extensions ['cmake', 'python']
[3.454s] Level 1:colcon.colcon_core.package_identification:_identify(src) by extension 'cmake'
[3.454s] Level 1:colcon.colcon_core.package_identification:_identify(src) by extension 'python'
[3.454s] Level 1:colcon.colcon_core.package_identification:_identify(src) by extensions ['python_setup_py']
[3.454s] Level 1:colcon.colcon_core.package_identification:_identify(src) by extension 'python_setup_py'
[3.454s] Level 1:colcon.colcon_core.package_identification:_identify(src/simu) by extensions ['ignore', 'ignore_ament_install']
[3.455s] Level 1:colcon.colcon_core.package_identification:_identify(src/simu) by extension 'ignore'
[3.455s] Level 1:colcon.colcon_core.package_identification:_identify(src/simu) by extension 'ignore_ament_install'
[3.455s] Level 1:colcon.colcon_core.package_identification:_identify(src/simu) by extensions ['colcon_pkg']
[3.455s] Level 1:colcon.colcon_core.package_identification:_identify(src/simu) by extension 'colcon_pkg'
[3.455s] Level 1:colcon.colcon_core.package_identification:_identify(src/simu) by extensions ['colcon_meta']
[3.455s] Level 1:colcon.colcon_core.package_identification:_identify(src/simu) by extension 'colcon_meta'
[3.455s] Level 1:colcon.colcon_core.package_identification:_identify(src/simu) by extensions ['ros']
[3.455s] Level 1:colcon.colcon_core.package_identification:_identify(src/simu) by extension 'ros'
[3.467s] DEBUG:colcon.colcon_core.package_identification:Package 'src/simu' with type 'ros.ament_python' and name 'simu'
[3.467s] Level 1:colcon.colcon_core.package_discovery:discover_packages(recursive) using defaults
[3.467s] Level 1:colcon.colcon_core.package_discovery:discover_packages(ignore) discover
[3.468s] Level 1:colcon.colcon_core.package_discovery:discover_packages(ignore) using defaults
[3.468s] Level 1:colcon.colcon_core.package_discovery:discover_packages(path) discover
[3.468s] Level 1:colcon.colcon_core.package_discovery:discover_packages(path) using defaults
[3.572s] Level 1:colcon.colcon_core.package_discovery:discover_packages(prefix_path) check parameters
[3.572s] Level 1:colcon.colcon_core.package_discovery:discover_packages(prefix_path) discover
[3.578s] DEBUG:colcon.colcon_installed_package_information.package_discovery:Found 1 installed packages in /home/vzeferino/ros2/install
[3.594s] DEBUG:colcon.colcon_installed_package_information.package_discovery:Found 381 installed packages in /opt/ros/humble
[3.606s] Level 1:colcon.colcon_core.package_discovery:discover_packages(prefix_path) using defaults
[4.082s] Level 5:colcon.colcon_core.verb:set package 'simu' build argument 'cmake_args' from command line to 'None'
[4.088s] Level 5:colcon.colcon_core.verb:set package 'simu' build argument 'cmake_target' from command line to 'None'
[4.088s] Level 5:colcon.colcon_core.verb:set package 'simu' build argument 'cmake_target_skip_unavailable' from command line to 'False'
[4.088s] Level 5:colcon.colcon_core.verb:set package 'simu' build argument 'cmake_clean_cache' from command line to 'False'
[4.088s] Level 5:colcon.colcon_core.verb:set package 'simu' build argument 'cmake_clean_first' from command line to 'False'
[4.088s] Level 5:colcon.colcon_core.verb:set package 'simu' build argument 'cmake_force_configure' from command line to 'False'
[4.088s] Level 5:colcon.colcon_core.verb:set package 'simu' build argument 'ament_cmake_args' from command line to 'None'
[4.088s] Level 5:colcon.colcon_core.verb:set package 'simu' build argument 'catkin_cmake_args' from command line to 'None'
[4.088s] Level 5:colcon.colcon_core.verb:set package 'simu' build argument 'catkin_skip_building_tests' from command line to 'False'
[4.088s] DEBUG:colcon.colcon_core.verb:Building package 'simu' with the following arguments: {'ament_cmake_args': None, 'build_base': '/home/vzeferino/ros2/build/simu', 'catkin_cmake_args': None, 'catkin_skip_building_tests': False, 'cmake_args': None, 'cmake_clean_cache': False, 'cmake_clean_first': False, 'cmake_force_configure': False, 'cmake_target': None, 'cmake_target_skip_unavailable': False, 'install_base': '/home/vzeferino/ros2/install/simu', 'merge_install': False, 'path': '/home/vzeferino/ros2/src/simu', 'symlink_install': False, 'test_result_base': None}
[4.090s] INFO:colcon.colcon_core.executor:Executing jobs using 'parallel' executor
[4.104s] DEBUG:colcon.colcon_parallel_executor.executor.parallel:run_until_complete
[4.104s] INFO:colcon.colcon_ros.task.ament_python.build:Building ROS package in '/home/vzeferino/ros2/src/simu' with build type 'ament_python'
[4.104s] Level 1:colcon.colcon_core.shell:create_environment_hook('simu', 'ament_prefix_path')
[4.134s] INFO:colcon.colcon_core.plugin_system:Skipping extension 'colcon_core.shell.bat': Not used on non-Windows systems
[4.135s] INFO:colcon.colcon_core.shell:Creating environment hook '/home/vzeferino/ros2/install/simu/share/simu/hook/ament_prefix_path.ps1'
[4.144s] INFO:colcon.colcon_core.shell:Creating environment descriptor '/home/vzeferino/ros2/install/simu/share/simu/hook/ament_prefix_path.dsv'
[4.145s] INFO:colcon.colcon_core.shell:Creating environment hook '/home/vzeferino/ros2/install/simu/share/simu/hook/ament_prefix_path.sh'
[4.150s] INFO:colcon.colcon_core.shell:Skip shell extension 'powershell' for command environment: Not usable outside of PowerShell
[4.150s] DEBUG:colcon.colcon_core.shell:Skip shell extension 'dsv' for command environment
[5.638s] INFO:colcon.colcon_core.task.python.build:Building Python package in '/home/vzeferino/ros2/src/simu'
[5.646s] INFO:colcon.colcon_core.shell:Skip shell extension 'powershell' for command environment: Not usable outside of PowerShell
[5.649s] DEBUG:colcon.colcon_core.shell:Skip shell extension 'dsv' for command environment
[7.476s] DEBUG:colcon.colcon_core.event_handler.log_command:Invoking command in '/home/vzeferino/ros2/src/simu': PYTHONPATH=/home/vzeferino/ros2/build/simu/prefix_override:/home/vzeferino/ros2/install/simu/lib/python3.10/site-packages:${PYTHONPATH} /usr/bin/python3 setup.py egg_info --egg-base ../../build/simu build --build-base /home/vzeferino/ros2/build/simu/build install --record /home/vzeferino/ros2/build/simu/install.log --single-version-externally-managed
[8.740s] DEBUG:colcon.colcon_core.event_handler.log_command:Invoked command in '/home/vzeferino/ros2/src/simu' returned '0': PYTHONPATH=/home/vzeferino/ros2/build/simu/prefix_override:/home/vzeferino/ros2/install/simu/lib/python3.10/site-packages:${PYTHONPATH} /usr/bin/python3 setup.py egg_info --egg-base ../../build/simu build --build-base /home/vzeferino/ros2/build/simu/build install --record /home/vzeferino/ros2/build/simu/install.log --single-version-externally-managed
[8.754s] Level 1:colcon.colcon_core.environment:checking '/home/vzeferino/ros2/install/simu' for CMake module files
[8.755s] Level 1:colcon.colcon_core.environment:checking '/home/vzeferino/ros2/install/simu' for CMake config files
[8.757s] Level 1:colcon.colcon_core.environment:checking '/home/vzeferino/ros2/install/simu/lib'
[8.757s] Level 1:colcon.colcon_core.environment:checking '/home/vzeferino/ros2/install/simu/bin'
[8.757s] Level 1:colcon.colcon_core.environment:checking '/home/vzeferino/ros2/install/simu/lib/pkgconfig/simu.pc'
[8.758s] Level 1:colcon.colcon_core.environment:checking '/home/vzeferino/ros2/install/simu/lib/python3.10/site-packages'
[8.758s] Level 1:colcon.colcon_core.shell:create_environment_hook('simu', 'pythonpath')
[8.764s] INFO:colcon.colcon_core.shell:Creating environment hook '/home/vzeferino/ros2/install/simu/share/simu/hook/pythonpath.ps1'
[8.766s] INFO:colcon.colcon_core.shell:Creating environment descriptor '/home/vzeferino/ros2/install/simu/share/simu/hook/pythonpath.dsv'
[8.770s] INFO:colcon.colcon_core.shell:Creating environment hook '/home/vzeferino/ros2/install/simu/share/simu/hook/pythonpath.sh'
[8.772s] Level 1:colcon.colcon_core.environment:checking '/home/vzeferino/ros2/install/simu/bin'
[8.772s] Level 1:colcon.colcon_core.environment:create_environment_scripts_only(simu)
[8.775s] INFO:colcon.colcon_core.shell:Creating package script '/home/vzeferino/ros2/install/simu/share/simu/package.ps1'
[8.778s] INFO:colcon.colcon_core.shell:Creating package descriptor '/home/vzeferino/ros2/install/simu/share/simu/package.dsv'
[8.783s] INFO:colcon.colcon_core.shell:Creating package script '/home/vzeferino/ros2/install/simu/share/simu/package.sh'
[8.788s] INFO:colcon.colcon_core.shell:Creating package script '/home/vzeferino/ros2/install/simu/share/simu/package.bash'
[8.791s] INFO:colcon.colcon_core.shell:Creating package script '/home/vzeferino/ros2/install/simu/share/simu/package.zsh'
[8.794s] Level 1:colcon.colcon_core.environment:create_file_with_runtime_dependencies(/home/vzeferino/ros2/install/simu/share/colcon-core/packages/simu)
[8.795s] DEBUG:colcon.colcon_parallel_executor.executor.parallel:closing loop
[8.796s] DEBUG:colcon.colcon_parallel_executor.executor.parallel:loop closed
[8.796s] DEBUG:colcon.colcon_parallel_executor.executor.parallel:run_until_complete finished with '0'
[8.796s] DEBUG:colcon.colcon_core.event_reactor:joining thread
[9.856s] INFO:colcon.colcon_core.plugin_system:Skipping extension 'colcon_notification.desktop_notification.notify_send': Could not find 'notify-send'
[9.856s] INFO:colcon.colcon_core.plugin_system:Skipping extension 'colcon_notification.desktop_notification.terminal_notifier': Not used on non-Darwin systems
[9.856s] INFO:colcon.colcon_core.plugin_system:Skipping extension 'colcon_notification.desktop_notification.win32': Not used on non-Windows systems
[9.856s] INFO:colcon.colcon_notification.desktop_notification:Sending desktop notification using 'notify2'
[9.887s] DEBUG:colcon.colcon_notification.desktop_notification.notify2:Failed to initialize notify2: org.freedesktop.DBus.Error.ServiceUnknown: The name org.freedesktop.Notifications was not provided by any .service files
[9.888s] DEBUG:colcon.colcon_core.event_reactor:joined thread
[9.892s] INFO:colcon.colcon_core.shell:Creating prefix script '/home/vzeferino/ros2/install/local_setup.ps1'
[9.920s] INFO:colcon.colcon_core.shell:Creating prefix util module '/home/vzeferino/ros2/install/_local_setup_util_ps1.py'
[9.924s] INFO:colcon.colcon_core.shell:Creating prefix chain script '/home/vzeferino/ros2/install/setup.ps1'
[9.935s] INFO:colcon.colcon_core.shell:Creating prefix script '/home/vzeferino/ros2/install/local_setup.sh'
[9.937s] INFO:colcon.colcon_core.shell:Creating prefix util module '/home/vzeferino/ros2/install/_local_setup_util_sh.py'
[9.938s] INFO:colcon.colcon_core.shell:Creating prefix chain script '/home/vzeferino/ros2/install/setup.sh'
[9.946s] INFO:colcon.colcon_core.shell:Creating prefix script '/home/vzeferino/ros2/install/local_setup.bash'
[9.949s] INFO:colcon.colcon_core.shell:Creating prefix chain script '/home/vzeferino/ros2/install/setup.bash'
[9.957s] INFO:colcon.colcon_core.shell:Creating prefix script '/home/vzeferino/ros2/install/local_setup.zsh'
[9.958s] INFO:colcon.colcon_core.shell:Creating prefix chain script '/home/vzeferino/ros2/install/setup.zsh'
