[5.391s] DEBUG:colcon:Command line arguments: ['/usr/bin/colcon', 'build', '--packages-select', 'simu']
[5.392s] DEBUG:colcon:Parsed command line arguments: Namespace(log_base=None, log_level=None, verb_name='build', build_base='build', install_base='install', merge_install=False, symlink_install=False, test_result_base=None, continue_on_error=False, executor='parallel', parallel_workers=2, event_handlers=None, ignore_user_meta=False, metas=['./colcon.meta'], base_paths=['.'], packages_ignore=None, packages_ignore_regex=None, paths=None, packages_up_to=None, packages_up_to_regex=None, packages_above=None, packages_above_and_dependencies=None, packages_above_depth=None, packages_select_by_dep=None, packages_skip_by_dep=None, packages_skip_up_to=None, packages_select_build_failed=False, packages_skip_build_finished=False, packages_select_test_failures=False, packages_skip_test_passed=False, packages_select=['simu'], packages_skip=None, packages_select_regex=None, packages_skip_regex=None, packages_start=None, packages_end=None, allow_overriding=[], cmake_args=None, cmake_target=None, cmake_target_skip_unavailable=False, cmake_clean_cache=False, cmake_clean_first=False, cmake_force_configure=False, ament_cmake_args=None, catkin_cmake_args=None, catkin_skip_building_tests=False, verb_parser=<colcon_defaults.argument_parser.defaults.DefaultArgumentsDecorator object at 0x7f1bc5fd02b0>, verb_extension=<colcon_core.verb.build.BuildVerb object at 0x7f1bc5f9fd00>, main=<bound method BuildVerb.main of <colcon_core.verb.build.BuildVerb object at 0x7f1bc5f9fd00>>)
[5.545s] Level 1:colcon.colcon_core.package_discovery:discover_packages(colcon_meta) check parameters
[5.546s] Level 1:colcon.colcon_core.package_discovery:discover_packages(recursive) check parameters
[5.546s] Level 1:colcon.colcon_core.package_discovery:discover_packages(ignore) check parameters
[5.546s] Level 1:colcon.colcon_core.package_discovery:discover_packages(path) check parameters
[5.547s] Level 1:colcon.colcon_core.package_discovery:discover_packages(colcon_meta) discover
[5.547s] Level 1:colcon.colcon_core.package_discovery:discover_packages(recursive) discover
[5.547s] INFO:colcon.colcon_core.package_discovery:Crawling recursively for packages in '/home/vzeferino/ros2/src'
[5.547s] Level 1:colcon.colcon_core.package_identification:_identify(.) by extensions ['ignore', 'ignore_ament_install']
[5.548s] Level 1:colcon.colcon_core.package_identification:_identify(.) by extension 'ignore'
[5.548s] Level 1:colcon.colcon_core.package_identification:_identify(.) by extension 'ignore_ament_install'
[5.548s] Level 1:colcon.colcon_core.package_identification:_identify(.) by extensions ['colcon_pkg']
[5.549s] Level 1:colcon.colcon_core.package_identification:_identify(.) by extension 'colcon_pkg'
[5.549s] Level 1:colcon.colcon_core.package_identification:_identify(.) by extensions ['colcon_meta']
[5.549s] Level 1:colcon.colcon_core.package_identification:_identify(.) by extension 'colcon_meta'
[5.553s] Level 1:colcon.colcon_core.package_identification:_identify(.) by extensions ['ros']
[5.553s] Level 1:colcon.colcon_core.package_identification:_identify(.) by extension 'ros'
[5.647s] Level 1:colcon.colcon_core.package_identification:_identify(.) by extensions ['cmake', 'python']
[5.647s] Level 1:colcon.colcon_core.package_identification:_identify(.) by extension 'cmake'
[5.647s] Level 1:colcon.colcon_core.package_identification:_identify(.) by extension 'python'
[5.648s] Level 1:colcon.colcon_core.package_identification:_identify(.) by extensions ['python_setup_py']
[5.648s] Level 1:colcon.colcon_core.package_identification:_identify(.) by extension 'python_setup_py'
[5.648s] Level 1:colcon.colcon_core.package_identification:_identify(build) by extensions ['ignore', 'ignore_ament_install']
[5.651s] Level 1:colcon.colcon_core.package_identification:_identify(build) by extension 'ignore'
[5.651s] Level 1:colcon.colcon_core.package_identification:_identify(build) ignored
[5.652s] Level 1:colcon.colcon_core.package_identification:_identify(install) by extensions ['ignore', 'ignore_ament_install']
[5.652s] Level 1:colcon.colcon_core.package_identification:_identify(install) by extension 'ignore'
[5.653s] Level 1:colcon.colcon_core.package_identification:_identify(install) ignored
[5.653s] Level 1:colcon.colcon_core.package_identification:_identify(log) by extensions ['ignore', 'ignore_ament_install']
[5.653s] Level 1:colcon.colcon_core.package_identification:_identify(log) by extension 'ignore'
[5.654s] Level 1:colcon.colcon_core.package_identification:_identify(log) ignored
[5.654s] Level 1:colcon.colcon_core.package_identification:_identify(simu) by extensions ['ignore', 'ignore_ament_install']
[5.654s] Level 1:colcon.colcon_core.package_identification:_identify(simu) by extension 'ignore'
[5.654s] Level 1:colcon.colcon_core.package_identification:_identify(simu) by extension 'ignore_ament_install'
[5.655s] Level 1:colcon.colcon_core.package_identification:_identify(simu) by extensions ['colcon_pkg']
[5.655s] Level 1:colcon.colcon_core.package_identification:_identify(simu) by extension 'colcon_pkg'
[5.656s] Level 1:colcon.colcon_core.package_identification:_identify(simu) by extensions ['colcon_meta']
[5.656s] Level 1:colcon.colcon_core.package_identification:_identify(simu) by extension 'colcon_meta'
[5.656s] Level 1:colcon.colcon_core.package_identification:_identify(simu) by extensions ['ros']
[5.657s] Level 1:colcon.colcon_core.package_identification:_identify(simu) by extension 'ros'
[5.679s] DEBUG:colcon.colcon_core.package_identification:Package 'simu' with type 'ros.ament_python' and name 'simu'
[5.679s] Level 1:colcon.colcon_core.package_discovery:discover_packages(recursive) using defaults
[5.679s] Level 1:colcon.colcon_core.package_discovery:discover_packages(ignore) discover
[5.680s] Level 1:colcon.colcon_core.package_discovery:discover_packages(ignore) using defaults
[5.680s] Level 1:colcon.colcon_core.package_discovery:discover_packages(path) discover
[5.680s] Level 1:colcon.colcon_core.package_discovery:discover_packages(path) using defaults
[5.835s] Level 1:colcon.colcon_core.package_discovery:discover_packages(prefix_path) check parameters
[5.835s] Level 1:colcon.colcon_core.package_discovery:discover_packages(prefix_path) discover
[5.841s] DEBUG:colcon.colcon_installed_package_information.package_discovery:Found 1 installed packages in /home/vzeferino/ros2/src/install
[5.852s] DEBUG:colcon.colcon_installed_package_information.package_discovery:Found 1 installed packages in /home/vzeferino/ros2/install
[5.871s] DEBUG:colcon.colcon_installed_package_information.package_discovery:Found 381 installed packages in /opt/ros/humble
[5.904s] Level 1:colcon.colcon_core.package_discovery:discover_packages(prefix_path) using defaults
[6.789s] Level 5:colcon.colcon_core.verb:set package 'simu' build argument 'cmake_args' from command line to 'None'
[6.789s] Level 5:colcon.colcon_core.verb:set package 'simu' build argument 'cmake_target' from command line to 'None'
[6.789s] Level 5:colcon.colcon_core.verb:set package 'simu' build argument 'cmake_target_skip_unavailable' from command line to 'False'
[6.789s] Level 5:colcon.colcon_core.verb:set package 'simu' build argument 'cmake_clean_cache' from command line to 'False'
[6.789s] Level 5:colcon.colcon_core.verb:set package 'simu' build argument 'cmake_clean_first' from command line to 'False'
[6.789s] Level 5:colcon.colcon_core.verb:set package 'simu' build argument 'cmake_force_configure' from command line to 'False'
[6.789s] Level 5:colcon.colcon_core.verb:set package 'simu' build argument 'ament_cmake_args' from command line to 'None'
[6.790s] Level 5:colcon.colcon_core.verb:set package 'simu' build argument 'catkin_cmake_args' from command line to 'None'
[6.790s] Level 5:colcon.colcon_core.verb:set package 'simu' build argument 'catkin_skip_building_tests' from command line to 'False'
[6.790s] DEBUG:colcon.colcon_core.verb:Building package 'simu' with the following arguments: {'ament_cmake_args': None, 'build_base': '/home/vzeferino/ros2/src/build/simu', 'catkin_cmake_args': None, 'catkin_skip_building_tests': False, 'cmake_args': None, 'cmake_clean_cache': False, 'cmake_clean_first': False, 'cmake_force_configure': False, 'cmake_target': None, 'cmake_target_skip_unavailable': False, 'install_base': '/home/vzeferino/ros2/src/install/simu', 'merge_install': False, 'path': '/home/vzeferino/ros2/src/simu', 'symlink_install': False, 'test_result_base': None}
[6.803s] INFO:colcon.colcon_core.executor:Executing jobs using 'parallel' executor
[6.827s] DEBUG:colcon.colcon_parallel_executor.executor.parallel:run_until_complete
[6.827s] INFO:colcon.colcon_ros.task.ament_python.build:Building ROS package in '/home/vzeferino/ros2/src/simu' with build type 'ament_python'
[6.828s] Level 1:colcon.colcon_core.shell:create_environment_hook('simu', 'ament_prefix_path')
[6.888s] INFO:colcon.colcon_core.plugin_system:Skipping extension 'colcon_core.shell.bat': Not used on non-Windows systems
[6.888s] INFO:colcon.colcon_core.shell:Creating environment hook '/home/vzeferino/ros2/src/install/simu/share/simu/hook/ament_prefix_path.ps1'
[6.919s] INFO:colcon.colcon_core.shell:Creating environment descriptor '/home/vzeferino/ros2/src/install/simu/share/simu/hook/ament_prefix_path.dsv'
[6.923s] INFO:colcon.colcon_core.shell:Creating environment hook '/home/vzeferino/ros2/src/install/simu/share/simu/hook/ament_prefix_path.sh'
[6.939s] INFO:colcon.colcon_core.shell:Skip shell extension 'powershell' for command environment: Not usable outside of PowerShell
[6.939s] DEBUG:colcon.colcon_core.shell:Skip shell extension 'dsv' for command environment
[9.501s] INFO:colcon.colcon_core.task.python.build:Building Python package in '/home/vzeferino/ros2/src/simu'
[9.528s] INFO:colcon.colcon_core.shell:Skip shell extension 'powershell' for command environment: Not usable outside of PowerShell
[9.529s] DEBUG:colcon.colcon_core.shell:Skip shell extension 'dsv' for command environment
[14.775s] DEBUG:colcon.colcon_core.event_handler.log_command:Invoking command in '/home/vzeferino/ros2/src/simu': PYTHONPATH=/home/vzeferino/ros2/src/build/simu/prefix_override:/home/vzeferino/ros2/src/install/simu/lib/python3.10/site-packages:${PYTHONPATH} /usr/bin/python3 setup.py egg_info --egg-base ../build/simu build --build-base /home/vzeferino/ros2/src/build/simu/build install --record /home/vzeferino/ros2/src/build/simu/install.log --single-version-externally-managed
[17.991s] DEBUG:colcon.colcon_core.event_handler.log_command:Invoked command in '/home/vzeferino/ros2/src/simu' returned '0': PYTHONPATH=/home/vzeferino/ros2/src/build/simu/prefix_override:/home/vzeferino/ros2/src/install/simu/lib/python3.10/site-packages:${PYTHONPATH} /usr/bin/python3 setup.py egg_info --egg-base ../build/simu build --build-base /home/vzeferino/ros2/src/build/simu/build install --record /home/vzeferino/ros2/src/build/simu/install.log --single-version-externally-managed
[18.026s] Level 1:colcon.colcon_core.environment:checking '/home/vzeferino/ros2/src/install/simu' for CMake module files
[18.027s] Level 1:colcon.colcon_core.environment:checking '/home/vzeferino/ros2/src/install/simu' for CMake config files
[18.042s] Level 1:colcon.colcon_core.environment:checking '/home/vzeferino/ros2/src/install/simu/lib'
[18.048s] Level 1:colcon.colcon_core.environment:checking '/home/vzeferino/ros2/src/install/simu/bin'
[18.063s] Level 1:colcon.colcon_core.environment:checking '/home/vzeferino/ros2/src/install/simu/lib/pkgconfig/simu.pc'
[18.077s] Level 1:colcon.colcon_core.environment:checking '/home/vzeferino/ros2/src/install/simu/lib/python3.10/site-packages'
[18.077s] Level 1:colcon.colcon_core.shell:create_environment_hook('simu', 'pythonpath')
[18.080s] INFO:colcon.colcon_core.shell:Creating environment hook '/home/vzeferino/ros2/src/install/simu/share/simu/hook/pythonpath.ps1'
[18.081s] INFO:colcon.colcon_core.shell:Creating environment descriptor '/home/vzeferino/ros2/src/install/simu/share/simu/hook/pythonpath.dsv'
[18.103s] INFO:colcon.colcon_core.shell:Creating environment hook '/home/vzeferino/ros2/src/install/simu/share/simu/hook/pythonpath.sh'
[18.112s] Level 1:colcon.colcon_core.environment:checking '/home/vzeferino/ros2/src/install/simu/bin'
[18.114s] Level 1:colcon.colcon_core.environment:create_environment_scripts_only(simu)
[18.128s] INFO:colcon.colcon_core.shell:Creating package script '/home/vzeferino/ros2/src/install/simu/share/simu/package.ps1'
[18.149s] INFO:colcon.colcon_core.shell:Creating package descriptor '/home/vzeferino/ros2/src/install/simu/share/simu/package.dsv'
[18.164s] INFO:colcon.colcon_core.shell:Creating package script '/home/vzeferino/ros2/src/install/simu/share/simu/package.sh'
[18.194s] INFO:colcon.colcon_core.shell:Creating package script '/home/vzeferino/ros2/src/install/simu/share/simu/package.bash'
[18.200s] INFO:colcon.colcon_core.shell:Creating package script '/home/vzeferino/ros2/src/install/simu/share/simu/package.zsh'
[18.201s] Level 1:colcon.colcon_core.environment:create_file_with_runtime_dependencies(/home/vzeferino/ros2/src/install/simu/share/colcon-core/packages/simu)
[18.204s] DEBUG:colcon.colcon_parallel_executor.executor.parallel:closing loop
[18.210s] DEBUG:colcon.colcon_parallel_executor.executor.parallel:loop closed
[18.211s] DEBUG:colcon.colcon_parallel_executor.executor.parallel:run_until_complete finished with '0'
[18.211s] DEBUG:colcon.colcon_core.event_reactor:joining thread
[19.720s] INFO:colcon.colcon_core.plugin_system:Skipping extension 'colcon_notification.desktop_notification.notify_send': Could not find 'notify-send'
[19.720s] INFO:colcon.colcon_core.plugin_system:Skipping extension 'colcon_notification.desktop_notification.terminal_notifier': Not used on non-Darwin systems
[19.720s] INFO:colcon.colcon_core.plugin_system:Skipping extension 'colcon_notification.desktop_notification.win32': Not used on non-Windows systems
[19.720s] INFO:colcon.colcon_notification.desktop_notification:Sending desktop notification using 'notify2'
[19.771s] DEBUG:colcon.colcon_notification.desktop_notification.notify2:Failed to initialize notify2: org.freedesktop.DBus.Error.ServiceUnknown: The name org.freedesktop.Notifications was not provided by any .service files
[19.772s] DEBUG:colcon.colcon_core.event_reactor:joined thread
[19.801s] INFO:colcon.colcon_core.shell:Creating prefix script '/home/vzeferino/ros2/src/install/local_setup.ps1'
[19.804s] INFO:colcon.colcon_core.shell:Creating prefix util module '/home/vzeferino/ros2/src/install/_local_setup_util_ps1.py'
[19.835s] INFO:colcon.colcon_core.shell:Creating prefix chain script '/home/vzeferino/ros2/src/install/setup.ps1'
[19.850s] INFO:colcon.colcon_core.shell:Creating prefix script '/home/vzeferino/ros2/src/install/local_setup.sh'
[19.851s] INFO:colcon.colcon_core.shell:Creating prefix util module '/home/vzeferino/ros2/src/install/_local_setup_util_sh.py'
[19.864s] INFO:colcon.colcon_core.shell:Creating prefix chain script '/home/vzeferino/ros2/src/install/setup.sh'
[19.880s] INFO:colcon.colcon_core.shell:Creating prefix script '/home/vzeferino/ros2/src/install/local_setup.bash'
[19.882s] INFO:colcon.colcon_core.shell:Creating prefix chain script '/home/vzeferino/ros2/src/install/setup.bash'
[19.896s] INFO:colcon.colcon_core.shell:Creating prefix script '/home/vzeferino/ros2/src/install/local_setup.zsh'
[19.897s] INFO:colcon.colcon_core.shell:Creating prefix chain script '/home/vzeferino/ros2/src/install/setup.zsh'
