[10.016s] DEBUG:colcon:Command line arguments: ['/usr/bin/colcon', 'build', '--packages-select', 'simu']
[10.016s] DEBUG:colcon:Parsed command line arguments: Namespace(log_base=None, log_level=None, verb_name='build', build_base='build', install_base='install', merge_install=False, symlink_install=False, test_result_base=None, continue_on_error=False, executor='parallel', parallel_workers=2, event_handlers=None, ignore_user_meta=False, metas=['./colcon.meta'], base_paths=['.'], packages_ignore=None, packages_ignore_regex=None, paths=None, packages_up_to=None, packages_up_to_regex=None, packages_above=None, packages_above_and_dependencies=None, packages_above_depth=None, packages_select_by_dep=None, packages_skip_by_dep=None, packages_skip_up_to=None, packages_select_build_failed=False, packages_skip_build_finished=False, packages_select_test_failures=False, packages_skip_test_passed=False, packages_select=['simu'], packages_skip=None, packages_select_regex=None, packages_skip_regex=None, packages_start=None, packages_end=None, allow_overriding=[], cmake_args=None, cmake_target=None, cmake_target_skip_unavailable=False, cmake_clean_cache=False, cmake_clean_first=False, cmake_force_configure=False, ament_cmake_args=None, catkin_cmake_args=None, catkin_skip_building_tests=False, verb_parser=<colcon_defaults.argument_parser.defaults.DefaultArgumentsDecorator object at 0x7f4f7565c520>, verb_extension=<colcon_core.verb.build.BuildVerb object at 0x7f4f7562bf10>, main=<bound method BuildVerb.main of <colcon_core.verb.build.BuildVerb object at 0x7f4f7562bf10>>)
[10.262s] Level 1:colcon.colcon_core.package_discovery:discover_packages(colcon_meta) check parameters
[10.262s] Level 1:colcon.colcon_core.package_discovery:discover_packages(recursive) check parameters
[10.263s] Level 1:colcon.colcon_core.package_discovery:discover_packages(ignore) check parameters
[10.263s] Level 1:colcon.colcon_core.package_discovery:discover_packages(path) check parameters
[10.263s] Level 1:colcon.colcon_core.package_discovery:discover_packages(colcon_meta) discover
[10.263s] Level 1:colcon.colcon_core.package_discovery:discover_packages(recursive) discover
[10.264s] INFO:colcon.colcon_core.package_discovery:Crawling recursively for packages in '/home/vzeferino/ros2/src'
[10.264s] Level 1:colcon.colcon_core.package_identification:_identify(.) by extensions ['ignore', 'ignore_ament_install']
[10.264s] Level 1:colcon.colcon_core.package_identification:_identify(.) by extension 'ignore'
[10.265s] Level 1:colcon.colcon_core.package_identification:_identify(.) by extension 'ignore_ament_install'
[10.265s] Level 1:colcon.colcon_core.package_identification:_identify(.) by extensions ['colcon_pkg']
[10.265s] Level 1:colcon.colcon_core.package_identification:_identify(.) by extension 'colcon_pkg'
[10.266s] Level 1:colcon.colcon_core.package_identification:_identify(.) by extensions ['colcon_meta']
[10.266s] Level 1:colcon.colcon_core.package_identification:_identify(.) by extension 'colcon_meta'
[10.266s] Level 1:colcon.colcon_core.package_identification:_identify(.) by extensions ['ros']
[10.278s] Level 1:colcon.colcon_core.package_identification:_identify(.) by extension 'ros'
[10.378s] Level 1:colcon.colcon_core.package_identification:_identify(.) by extensions ['cmake', 'python']
[10.378s] Level 1:colcon.colcon_core.package_identification:_identify(.) by extension 'cmake'
[10.379s] Level 1:colcon.colcon_core.package_identification:_identify(.) by extension 'python'
[10.379s] Level 1:colcon.colcon_core.package_identification:_identify(.) by extensions ['python_setup_py']
[10.379s] Level 1:colcon.colcon_core.package_identification:_identify(.) by extension 'python_setup_py'
[10.379s] Level 1:colcon.colcon_core.package_identification:_identify(build) by extensions ['ignore', 'ignore_ament_install']
[10.380s] Level 1:colcon.colcon_core.package_identification:_identify(build) by extension 'ignore'
[10.389s] Level 1:colcon.colcon_core.package_identification:_identify(build) ignored
[10.389s] Level 1:colcon.colcon_core.package_identification:_identify(install) by extensions ['ignore', 'ignore_ament_install']
[10.389s] Level 1:colcon.colcon_core.package_identification:_identify(install) by extension 'ignore'
[10.389s] Level 1:colcon.colcon_core.package_identification:_identify(install) ignored
[10.389s] Level 1:colcon.colcon_core.package_identification:_identify(log) by extensions ['ignore', 'ignore_ament_install']
[10.390s] Level 1:colcon.colcon_core.package_identification:_identify(log) by extension 'ignore'
[10.390s] Level 1:colcon.colcon_core.package_identification:_identify(log) ignored
[10.390s] Level 1:colcon.colcon_core.package_identification:_identify(simu) by extensions ['ignore', 'ignore_ament_install']
[10.390s] Level 1:colcon.colcon_core.package_identification:_identify(simu) by extension 'ignore'
[10.390s] Level 1:colcon.colcon_core.package_identification:_identify(simu) by extension 'ignore_ament_install'
[10.390s] Level 1:colcon.colcon_core.package_identification:_identify(simu) by extensions ['colcon_pkg']
[10.390s] Level 1:colcon.colcon_core.package_identification:_identify(simu) by extension 'colcon_pkg'
[10.390s] Level 1:colcon.colcon_core.package_identification:_identify(simu) by extensions ['colcon_meta']
[10.391s] Level 1:colcon.colcon_core.package_identification:_identify(simu) by extension 'colcon_meta'
[10.391s] Level 1:colcon.colcon_core.package_identification:_identify(simu) by extensions ['ros']
[10.391s] Level 1:colcon.colcon_core.package_identification:_identify(simu) by extension 'ros'
[10.424s] DEBUG:colcon.colcon_core.package_identification:Package 'simu' with type 'ros.ament_python' and name 'simu'
[10.425s] Level 1:colcon.colcon_core.package_discovery:discover_packages(recursive) using defaults
[10.425s] Level 1:colcon.colcon_core.package_discovery:discover_packages(ignore) discover
[10.425s] Level 1:colcon.colcon_core.package_discovery:discover_packages(ignore) using defaults
[10.439s] Level 1:colcon.colcon_core.package_discovery:discover_packages(path) discover
[10.439s] Level 1:colcon.colcon_core.package_discovery:discover_packages(path) using defaults
[10.695s] Level 1:colcon.colcon_core.package_discovery:discover_packages(prefix_path) check parameters
[10.695s] Level 1:colcon.colcon_core.package_discovery:discover_packages(prefix_path) discover
[10.757s] DEBUG:colcon.colcon_installed_package_information.package_discovery:Found 1 installed packages in /home/vzeferino/ros2/src/install
[10.759s] DEBUG:colcon.colcon_installed_package_information.package_discovery:Found 1 installed packages in /home/vzeferino/ros2/install
[10.802s] DEBUG:colcon.colcon_installed_package_information.package_discovery:Found 381 installed packages in /opt/ros/humble
[10.826s] Level 1:colcon.colcon_core.package_discovery:discover_packages(prefix_path) using defaults
[11.476s] Level 5:colcon.colcon_core.verb:set package 'simu' build argument 'cmake_args' from command line to 'None'
[11.476s] Level 5:colcon.colcon_core.verb:set package 'simu' build argument 'cmake_target' from command line to 'None'
[11.476s] Level 5:colcon.colcon_core.verb:set package 'simu' build argument 'cmake_target_skip_unavailable' from command line to 'False'
[11.476s] Level 5:colcon.colcon_core.verb:set package 'simu' build argument 'cmake_clean_cache' from command line to 'False'
[11.476s] Level 5:colcon.colcon_core.verb:set package 'simu' build argument 'cmake_clean_first' from command line to 'False'
[11.476s] Level 5:colcon.colcon_core.verb:set package 'simu' build argument 'cmake_force_configure' from command line to 'False'
[11.477s] Level 5:colcon.colcon_core.verb:set package 'simu' build argument 'ament_cmake_args' from command line to 'None'
[11.477s] Level 5:colcon.colcon_core.verb:set package 'simu' build argument 'catkin_cmake_args' from command line to 'None'
[11.477s] Level 5:colcon.colcon_core.verb:set package 'simu' build argument 'catkin_skip_building_tests' from command line to 'False'
[11.477s] DEBUG:colcon.colcon_core.verb:Building package 'simu' with the following arguments: {'ament_cmake_args': None, 'build_base': '/home/vzeferino/ros2/src/build/simu', 'catkin_cmake_args': None, 'catkin_skip_building_tests': False, 'cmake_args': None, 'cmake_clean_cache': False, 'cmake_clean_first': False, 'cmake_force_configure': False, 'cmake_target': None, 'cmake_target_skip_unavailable': False, 'install_base': '/home/vzeferino/ros2/src/install/simu', 'merge_install': False, 'path': '/home/vzeferino/ros2/src/simu', 'symlink_install': False, 'test_result_base': None}
[11.479s] INFO:colcon.colcon_core.executor:Executing jobs using 'parallel' executor
[11.499s] DEBUG:colcon.colcon_parallel_executor.executor.parallel:run_until_complete
[11.499s] INFO:colcon.colcon_ros.task.ament_python.build:Building ROS package in '/home/vzeferino/ros2/src/simu' with build type 'ament_python'
[11.499s] Level 1:colcon.colcon_core.shell:create_environment_hook('simu', 'ament_prefix_path')
[11.520s] INFO:colcon.colcon_core.plugin_system:Skipping extension 'colcon_core.shell.bat': Not used on non-Windows systems
[11.528s] INFO:colcon.colcon_core.shell:Creating environment hook '/home/vzeferino/ros2/src/install/simu/share/simu/hook/ament_prefix_path.ps1'
[11.536s] INFO:colcon.colcon_core.shell:Creating environment descriptor '/home/vzeferino/ros2/src/install/simu/share/simu/hook/ament_prefix_path.dsv'
[11.537s] INFO:colcon.colcon_core.shell:Creating environment hook '/home/vzeferino/ros2/src/install/simu/share/simu/hook/ament_prefix_path.sh'
[11.550s] INFO:colcon.colcon_core.shell:Skip shell extension 'powershell' for command environment: Not usable outside of PowerShell
[11.550s] DEBUG:colcon.colcon_core.shell:Skip shell extension 'dsv' for command environment
[13.457s] INFO:colcon.colcon_core.task.python.build:Building Python package in '/home/vzeferino/ros2/src/simu'
[13.460s] INFO:colcon.colcon_core.shell:Skip shell extension 'powershell' for command environment: Not usable outside of PowerShell
[13.460s] DEBUG:colcon.colcon_core.shell:Skip shell extension 'dsv' for command environment
[15.978s] DEBUG:colcon.colcon_core.event_handler.log_command:Invoking command in '/home/vzeferino/ros2/src/simu': PYTHONPATH=/home/vzeferino/ros2/src/build/simu/prefix_override:/home/vzeferino/ros2/src/install/simu/lib/python3.10/site-packages:${PYTHONPATH} /usr/bin/python3 setup.py egg_info --egg-base ../build/simu build --build-base /home/vzeferino/ros2/src/build/simu/build install --record /home/vzeferino/ros2/src/build/simu/install.log --single-version-externally-managed
[19.942s] DEBUG:colcon.colcon_core.event_handler.log_command:Invoked command in '/home/vzeferino/ros2/src/simu' returned '0': PYTHONPATH=/home/vzeferino/ros2/src/build/simu/prefix_override:/home/vzeferino/ros2/src/install/simu/lib/python3.10/site-packages:${PYTHONPATH} /usr/bin/python3 setup.py egg_info --egg-base ../build/simu build --build-base /home/vzeferino/ros2/src/build/simu/build install --record /home/vzeferino/ros2/src/build/simu/install.log --single-version-externally-managed
[20.042s] Level 1:colcon.colcon_core.environment:checking '/home/vzeferino/ros2/src/install/simu' for CMake module files
[20.044s] Level 1:colcon.colcon_core.environment:checking '/home/vzeferino/ros2/src/install/simu' for CMake config files
[20.045s] Level 1:colcon.colcon_core.environment:checking '/home/vzeferino/ros2/src/install/simu/lib'
[20.046s] Level 1:colcon.colcon_core.environment:checking '/home/vzeferino/ros2/src/install/simu/bin'
[20.047s] Level 1:colcon.colcon_core.environment:checking '/home/vzeferino/ros2/src/install/simu/lib/pkgconfig/simu.pc'
[20.048s] Level 1:colcon.colcon_core.environment:checking '/home/vzeferino/ros2/src/install/simu/lib/python3.10/site-packages'
[20.049s] Level 1:colcon.colcon_core.shell:create_environment_hook('simu', 'pythonpath')
[20.052s] INFO:colcon.colcon_core.shell:Creating environment hook '/home/vzeferino/ros2/src/install/simu/share/simu/hook/pythonpath.ps1'
[20.080s] INFO:colcon.colcon_core.shell:Creating environment descriptor '/home/vzeferino/ros2/src/install/simu/share/simu/hook/pythonpath.dsv'
[20.082s] INFO:colcon.colcon_core.shell:Creating environment hook '/home/vzeferino/ros2/src/install/simu/share/simu/hook/pythonpath.sh'
[20.083s] Level 1:colcon.colcon_core.environment:checking '/home/vzeferino/ros2/src/install/simu/bin'
[20.083s] Level 1:colcon.colcon_core.environment:create_environment_scripts_only(simu)
[20.099s] INFO:colcon.colcon_core.shell:Creating package script '/home/vzeferino/ros2/src/install/simu/share/simu/package.ps1'
[20.112s] INFO:colcon.colcon_core.shell:Creating package descriptor '/home/vzeferino/ros2/src/install/simu/share/simu/package.dsv'
[20.114s] INFO:colcon.colcon_core.shell:Creating package script '/home/vzeferino/ros2/src/install/simu/share/simu/package.sh'
[20.116s] INFO:colcon.colcon_core.shell:Creating package script '/home/vzeferino/ros2/src/install/simu/share/simu/package.bash'
[20.130s] INFO:colcon.colcon_core.shell:Creating package script '/home/vzeferino/ros2/src/install/simu/share/simu/package.zsh'
[20.132s] Level 1:colcon.colcon_core.environment:create_file_with_runtime_dependencies(/home/vzeferino/ros2/src/install/simu/share/colcon-core/packages/simu)
[20.146s] DEBUG:colcon.colcon_parallel_executor.executor.parallel:closing loop
[20.146s] DEBUG:colcon.colcon_parallel_executor.executor.parallel:loop closed
[20.146s] DEBUG:colcon.colcon_parallel_executor.executor.parallel:run_until_complete finished with '0'
[20.146s] DEBUG:colcon.colcon_core.event_reactor:joining thread
[20.664s] INFO:colcon.colcon_core.plugin_system:Skipping extension 'colcon_notification.desktop_notification.notify_send': Could not find 'notify-send'
[20.665s] INFO:colcon.colcon_core.plugin_system:Skipping extension 'colcon_notification.desktop_notification.terminal_notifier': Not used on non-Darwin systems
[20.665s] INFO:colcon.colcon_core.plugin_system:Skipping extension 'colcon_notification.desktop_notification.win32': Not used on non-Windows systems
[20.665s] INFO:colcon.colcon_notification.desktop_notification:Sending desktop notification using 'notify2'
[20.742s] DEBUG:colcon.colcon_notification.desktop_notification.notify2:Failed to initialize notify2: org.freedesktop.DBus.Error.ServiceUnknown: The name org.freedesktop.Notifications was not provided by any .service files
[20.747s] DEBUG:colcon.colcon_core.event_reactor:joined thread
[20.752s] INFO:colcon.colcon_core.shell:Creating prefix script '/home/vzeferino/ros2/src/install/local_setup.ps1'
[20.756s] INFO:colcon.colcon_core.shell:Creating prefix util module '/home/vzeferino/ros2/src/install/_local_setup_util_ps1.py'
[20.762s] INFO:colcon.colcon_core.shell:Creating prefix chain script '/home/vzeferino/ros2/src/install/setup.ps1'
[20.777s] INFO:colcon.colcon_core.shell:Creating prefix script '/home/vzeferino/ros2/src/install/local_setup.sh'
[20.778s] INFO:colcon.colcon_core.shell:Creating prefix util module '/home/vzeferino/ros2/src/install/_local_setup_util_sh.py'
[20.790s] INFO:colcon.colcon_core.shell:Creating prefix chain script '/home/vzeferino/ros2/src/install/setup.sh'
[20.793s] INFO:colcon.colcon_core.shell:Creating prefix script '/home/vzeferino/ros2/src/install/local_setup.bash'
[20.794s] INFO:colcon.colcon_core.shell:Creating prefix chain script '/home/vzeferino/ros2/src/install/setup.bash'
[20.810s] INFO:colcon.colcon_core.shell:Creating prefix script '/home/vzeferino/ros2/src/install/local_setup.zsh'
[20.811s] INFO:colcon.colcon_core.shell:Creating prefix chain script '/home/vzeferino/ros2/src/install/setup.zsh'
