[13.188s] DEBUG:colcon:Command line arguments: ['/usr/bin/colcon', 'list', '-p', '--base-paths', '/home/vzeferino/ros2']
[13.188s] DEBUG:colcon:Parsed command line arguments: Namespace(log_base=None, log_level=None, verb_name='list', build_base='build', ignore_user_meta=False, metas=['./colcon.meta'], base_paths=['/home/vzeferino/ros2'], packages_ignore=None, packages_ignore_regex=None, paths=None, packages_up_to=None, packages_up_to_regex=None, packages_above=None, packages_above_and_dependencies=None, packages_above_depth=None, packages_select_by_dep=None, packages_skip_by_dep=None, packages_skip_up_to=None, packages_select_build_failed=False, packages_skip_build_finished=False, packages_select_test_failures=False, packages_skip_test_passed=False, packages_select=None, packages_skip=None, packages_select_regex=None, packages_skip_regex=None, packages_start=None, packages_end=None, allow_overriding=[], topological_order=False, names_only=False, paths_only=True, topological_graph=False, topological_graph_dot=False, topological_graph_density=False, topological_graph_legend=False, topological_graph_dot_cluster=False, topological_graph_dot_include_skipped=False, verb_parser=<colcon_defaults.argument_parser.defaults.DefaultArgumentsDecorator object at 0x7ff285e8d270>, verb_extension=<colcon_package_information.verb.list.ListVerb object at 0x7ff285e30790>, main=<bound method ListVerb.main of <colcon_package_information.verb.list.ListVerb object at 0x7ff285e30790>>)
[13.350s] Level 1:colcon.colcon_core.package_discovery:discover_packages(colcon_meta) check parameters
[13.350s] Level 1:colcon.colcon_core.package_discovery:discover_packages(recursive) check parameters
[13.350s] Level 1:colcon.colcon_core.package_discovery:discover_packages(ignore) check parameters
[13.350s] Level 1:colcon.colcon_core.package_discovery:discover_packages(path) check parameters
[13.350s] Level 1:colcon.colcon_core.package_discovery:discover_packages(recursive) discover
[13.350s] INFO:colcon.colcon_core.package_discovery:Crawling recursively for packages in '/home/vzeferino/ros2'
[13.351s] Level 1:colcon.colcon_core.package_identification:_identify(/home/vzeferino/ros2) by extensions ['ignore', 'ignore_ament_install']
[13.351s] Level 1:colcon.colcon_core.package_identification:_identify(/home/vzeferino/ros2) by extension 'ignore'
[13.351s] Level 1:colcon.colcon_core.package_identification:_identify(/home/vzeferino/ros2) by extension 'ignore_ament_install'
[13.351s] Level 1:colcon.colcon_core.package_identification:_identify(/home/vzeferino/ros2) by extensions ['colcon_pkg']
[13.351s] Level 1:colcon.colcon_core.package_identification:_identify(/home/vzeferino/ros2) by extension 'colcon_pkg'
[13.351s] Level 1:colcon.colcon_core.package_identification:_identify(/home/vzeferino/ros2) by extensions ['colcon_meta']
[13.351s] Level 1:colcon.colcon_core.package_identification:_identify(/home/vzeferino/ros2) by extension 'colcon_meta'
[13.351s] Level 1:colcon.colcon_core.package_identification:_identify(/home/vzeferino/ros2) by extensions ['ros']
[13.351s] Level 1:colcon.colcon_core.package_identification:_identify(/home/vzeferino/ros2) by extension 'ros'
[13.462s] Level 1:colcon.colcon_core.package_identification:_identify(/home/vzeferino/ros2) by extensions ['cmake', 'python']
[13.462s] Level 1:colcon.colcon_core.package_identification:_identify(/home/vzeferino/ros2) by extension 'cmake'
[13.462s] Level 1:colcon.colcon_core.package_identification:_identify(/home/vzeferino/ros2) by extension 'python'
[13.463s] Level 1:colcon.colcon_core.package_identification:_identify(/home/vzeferino/ros2) by extensions ['python_setup_py']
[13.463s] Level 1:colcon.colcon_core.package_identification:_identify(/home/vzeferino/ros2) by extension 'python_setup_py'
[13.463s] Level 1:colcon.colcon_core.package_identification:_identify(/home/vzeferino/ros2/build) by extensions ['ignore', 'ignore_ament_install']
[13.463s] Level 1:colcon.colcon_core.package_identification:_identify(/home/vzeferino/ros2/build) by extension 'ignore'
[13.463s] Level 1:colcon.colcon_core.package_identification:_identify(/home/vzeferino/ros2/build) ignored
[13.463s] Level 1:colcon.colcon_core.package_identification:_identify(/home/vzeferino/ros2/install) by extensions ['ignore', 'ignore_ament_install']
[13.464s] Level 1:colcon.colcon_core.package_identification:_identify(/home/vzeferino/ros2/install) by extension 'ignore'
[13.464s] Level 1:colcon.colcon_core.package_identification:_identify(/home/vzeferino/ros2/install) ignored
[13.464s] Level 1:colcon.colcon_core.package_identification:_identify(/home/vzeferino/ros2/log) by extensions ['ignore', 'ignore_ament_install']
[13.476s] Level 1:colcon.colcon_core.package_identification:_identify(/home/vzeferino/ros2/log) by extension 'ignore'
[13.476s] Level 1:colcon.colcon_core.package_identification:_identify(/home/vzeferino/ros2/log) ignored
[13.476s] Level 1:colcon.colcon_core.package_identification:_identify(/home/vzeferino/ros2/src) by extensions ['ignore', 'ignore_ament_install']
[13.476s] Level 1:colcon.colcon_core.package_identification:_identify(/home/vzeferino/ros2/src) by extension 'ignore'
[13.476s] Level 1:colcon.colcon_core.package_identification:_identify(/home/vzeferino/ros2/src) by extension 'ignore_ament_install'
[13.476s] Level 1:colcon.colcon_core.package_identification:_identify(/home/vzeferino/ros2/src) by extensions ['colcon_pkg']
[13.477s] Level 1:colcon.colcon_core.package_identification:_identify(/home/vzeferino/ros2/src) by extension 'colcon_pkg'
[13.477s] Level 1:colcon.colcon_core.package_identification:_identify(/home/vzeferino/ros2/src) by extensions ['colcon_meta']
[13.477s] Level 1:colcon.colcon_core.package_identification:_identify(/home/vzeferino/ros2/src) by extension 'colcon_meta'
[13.477s] Level 1:colcon.colcon_core.package_identification:_identify(/home/vzeferino/ros2/src) by extensions ['ros']
[13.477s] Level 1:colcon.colcon_core.package_identification:_identify(/home/vzeferino/ros2/src) by extension 'ros'
[13.477s] Level 1:colcon.colcon_core.package_identification:_identify(/home/vzeferino/ros2/src) by extensions ['cmake', 'python']
[13.477s] Level 1:colcon.colcon_core.package_identification:_identify(/home/vzeferino/ros2/src) by extension 'cmake'
[13.477s] Level 1:colcon.colcon_core.package_identification:_identify(/home/vzeferino/ros2/src) by extension 'python'
[13.477s] Level 1:colcon.colcon_core.package_identification:_identify(/home/vzeferino/ros2/src) by extensions ['python_setup_py']
[13.477s] Level 1:colcon.colcon_core.package_identification:_identify(/home/vzeferino/ros2/src) by extension 'python_setup_py'
[13.477s] Level 1:colcon.colcon_core.package_identification:_identify(/home/vzeferino/ros2/src/simu) by extensions ['ignore', 'ignore_ament_install']
[13.478s] Level 1:colcon.colcon_core.package_identification:_identify(/home/vzeferino/ros2/src/simu) by extension 'ignore'
[13.478s] Level 1:colcon.colcon_core.package_identification:_identify(/home/vzeferino/ros2/src/simu) by extension 'ignore_ament_install'
[13.478s] Level 1:colcon.colcon_core.package_identification:_identify(/home/vzeferino/ros2/src/simu) by extensions ['colcon_pkg']
[13.478s] Level 1:colcon.colcon_core.package_identification:_identify(/home/vzeferino/ros2/src/simu) by extension 'colcon_pkg'
[13.478s] Level 1:colcon.colcon_core.package_identification:_identify(/home/vzeferino/ros2/src/simu) by extensions ['colcon_meta']
[13.478s] Level 1:colcon.colcon_core.package_identification:_identify(/home/vzeferino/ros2/src/simu) by extension 'colcon_meta'
[13.478s] Level 1:colcon.colcon_core.package_identification:_identify(/home/vzeferino/ros2/src/simu) by extensions ['ros']
[13.478s] Level 1:colcon.colcon_core.package_identification:_identify(/home/vzeferino/ros2/src/simu) by extension 'ros'
[13.494s] DEBUG:colcon.colcon_core.package_identification:Package '/home/vzeferino/ros2/src/simu' with type 'ros.ament_python' and name 'simu'
[13.494s] Level 1:colcon.colcon_core.package_discovery:discover_packages(recursive) using defaults
