[5.407s] Invoking command in '/home/vzeferino/ros2/src/simu': PYTHONPATH=/home/vzeferino/ros2/src/build/simu/prefix_override:/home/vzeferino/ros2/src/install/simu/lib/python3.10/site-packages:${PYTHONPATH} /usr/bin/python3 setup.py egg_info --egg-base ../build/simu build --build-base /home/vzeferino/ros2/src/build/simu/build install --record /home/vzeferino/ros2/src/build/simu/install.log --single-version-externally-managed
[8.305s] running egg_info
[8.321s] writing ../build/simu/simu.egg-info/PKG-INFO
[8.321s] writing dependency_links to ../build/simu/simu.egg-info/dependency_links.txt
[8.322s] writing entry points to ../build/simu/simu.egg-info/entry_points.txt
[8.322s] writing requirements to ../build/simu/simu.egg-info/requires.txt
[8.322s] writing top-level names to ../build/simu/simu.egg-info/top_level.txt
[8.354s] reading manifest file '../build/simu/simu.egg-info/SOURCES.txt'
[8.369s] writing manifest file '../build/simu/simu.egg-info/SOURCES.txt'
[8.369s] running build
[8.370s] running build_py
[8.370s] copying simu/__init__.py -> /home/vzeferino/ros2/src/build/simu/build/lib/simu
[8.385s] running install
[8.385s] running install_lib
[8.386s] copying /home/vzeferino/ros2/src/build/simu/build/lib/simu/__init__.py -> /home/vzeferino/ros2/src/install/simu/lib/python3.10/site-packages/simu
[8.386s] byte-compiling /home/vzeferino/ros2/src/install/simu/lib/python3.10/site-packages/simu/__init__.py to __init__.cpython-310.pyc
[8.402s] running install_data
[8.417s] running install_egg_info
[8.438s] removing '/home/vzeferino/ros2/src/install/simu/lib/python3.10/site-packages/simu-0.0.0-py3.10.egg-info' (and everything under it)
[8.449s] Copying ../build/simu/simu.egg-info to /home/vzeferino/ros2/src/install/simu/lib/python3.10/site-packages/simu-0.0.0-py3.10.egg-info
[8.455s] running install_scripts
[8.774s] Installing run script to /home/vzeferino/ros2/src/install/simu/lib/simu
[8.788s] writing list of installed files to '/home/vzeferino/ros2/src/build/simu/install.log'
[9.128s] Invoked command in '/home/vzeferino/ros2/src/simu' returned '0': PYTHONPATH=/home/vzeferino/ros2/src/build/simu/prefix_override:/home/vzeferino/ros2/src/install/simu/lib/python3.10/site-packages:${PYTHONPATH} /usr/bin/python3 setup.py egg_info --egg-base ../build/simu build --build-base /home/vzeferino/ros2/src/build/simu/build install --record /home/vzeferino/ros2/src/build/simu/install.log --single-version-externally-managed
